{"E:\\GitHub\\Dable\\src\\addRow.js":{"b":{"1":[0,0]},"branchMap":{"1":{"line":5,"locations":[{"end":{"column":2,"line":5},"start":{"column":2,"line":5}},{"end":{"column":2,"line":5},"start":{"column":2,"line":5}}],"type":"if"}},"f":{"1":0},"fnMap":{"1":{"line":3,"loc":{"end":{"column":29,"line":3},"start":{"column":15,"line":3}},"name":"(anonymous_1)"}},"path":"E:\\GitHub\\Dable\\src\\addRow.js","s":{"1":1,"2":0,"3":0,"4":0,"5":0,"6":0,"7":0,"8":0},"statementMap":{"1":{"end":{"column":1,"line":13},"start":{"column":15,"line":3}},"2":{"end":{"column":16,"line":4},"start":{"column":2,"line":4}},"3":{"end":{"column":3,"line":9},"start":{"column":2,"line":5}},"4":{"end":{"column":18,"line":6},"start":{"column":4,"line":6}},"5":{"end":{"column":74,"line":8},"start":{"column":4,"line":8}},"6":{"end":{"column":22,"line":10},"start":{"column":2,"line":10}},"7":{"end":{"column":57,"line":11},"start":{"column":2,"line":11}},"8":{"end":{"column":66,"line":12},"start":{"column":2,"line":12}}}},"E:\\GitHub\\Dable\\src\\applyBaseStyles.js":{"b":{"1":[2,37],"2":[0,39],"3":[152,2],"4":[0,39],"5":[0,39]},"branchMap":{"1":{"line":2,"locations":[{"end":{"column":2,"line":2},"start":{"column":2,"line":2}},{"end":{"column":2,"line":2},"start":{"column":2,"line":2}}],"type":"if"},"2":{"line":8,"locations":[{"end":{"column":2,"line":8},"start":{"column":2,"line":8}},{"end":{"column":2,"line":8},"start":{"column":2,"line":8}}],"type":"if"},"3":{"line":32,"locations":[{"end":{"column":4,"line":32},"start":{"column":4,"line":32}},{"end":{"column":4,"line":32},"start":{"column":4,"line":32}}],"type":"if"},"4":{"line":52,"locations":[{"end":{"column":2,"line":52},"start":{"column":2,"line":52}},{"end":{"column":2,"line":52},"start":{"column":2,"line":52}}],"type":"if"},"5":{"line":65,"locations":[{"end":{"column":2,"line":65},"start":{"column":2,"line":65}},{"end":{"column":2,"line":65},"start":{"column":2,"line":65}}],"type":"if"}},"f":{"1":39,"2":0,"3":0},"fnMap":{"1":{"line":1,"loc":{"end":{"column":34,"line":1},"start":{"column":15,"line":1}},"name":"(anonymous_1)"},"2":{"line":38,"loc":{"end":{"column":44,"line":38},"start":{"column":33,"line":38}},"name":"(anonymous_2)"},"3":{"line":41,"loc":{"end":{"column":43,"line":41},"start":{"column":32,"line":41}},"name":"(anonymous_3)"}},"path":"E:\\GitHub\\Dable\\src\\applyBaseStyles.js","s":{"1":1,"2":39,"3":2,"4":39,"5":39,"6":39,"7":0,"8":39,"9":39,"10":175,"11":39,"12":39,"13":175,"14":39,"15":39,"16":1396,"17":39,"18":39,"19":39,"20":154,"21":154,"22":154,"23":154,"24":152,"25":152,"26":152,"27":152,"28":152,"29":0,"30":152,"31":0,"32":2,"33":2,"34":39,"35":39,"36":39,"37":0,"38":39,"39":39,"40":39,"41":39,"42":39,"43":39,"44":39,"45":39,"46":39,"47":0,"48":39,"49":39,"50":39,"51":39,"52":39,"53":39,"54":39,"55":39,"56":78},"statementMap":{"1":{"end":{"column":1,"line":80},"start":{"column":15,"line":1}},"2":{"end":{"column":3,"line":4},"start":{"column":2,"line":2}},"3":{"end":{"column":52,"line":3},"start":{"column":4,"line":3}},"4":{"end":{"column":46,"line":6},"start":{"column":2,"line":6}},"5":{"end":{"column":46,"line":7},"start":{"column":2,"line":7}},"6":{"end":{"column":3,"line":10},"start":{"column":2,"line":8}},"7":{"end":{"column":49,"line":9},"start":{"column":4,"line":9}},"8":{"end":{"column":66,"line":12},"start":{"column":2,"line":12}},"9":{"end":{"column":3,"line":15},"start":{"column":2,"line":13}},"10":{"end":{"column":78,"line":14},"start":{"column":4,"line":14}},"11":{"end":{"column":68,"line":17},"start":{"column":2,"line":17}},"12":{"end":{"column":3,"line":20},"start":{"column":2,"line":18}},"13":{"end":{"column":80,"line":19},"start":{"column":4,"line":19}},"14":{"end":{"column":52,"line":21},"start":{"column":2,"line":21}},"15":{"end":{"column":3,"line":24},"start":{"column":2,"line":22}},"16":{"end":{"column":52,"line":23},"start":{"column":4,"line":23}},"17":{"end":{"column":20,"line":26},"start":{"column":2,"line":26}},"18":{"end":{"column":50,"line":27},"start":{"column":2,"line":27}},"19":{"end":{"column":3,"line":48},"start":{"column":2,"line":28}},"20":{"end":{"column":56,"line":29},"start":{"column":4,"line":29}},"21":{"end":{"column":48,"line":30},"start":{"column":4,"line":30}},"22":{"end":{"column":54,"line":31},"start":{"column":4,"line":31}},"23":{"end":{"column":5,"line":47},"start":{"column":4,"line":32}},"24":{"end":{"column":51,"line":33},"start":{"column":6,"line":33}},"25":{"end":{"column":58,"line":34},"start":{"column":6,"line":34}},"26":{"end":{"column":47,"line":35},"start":{"column":6,"line":35}},"27":{"end":{"column":58,"line":36},"start":{"column":6,"line":36}},"28":{"end":{"column":8,"line":40},"start":{"column":6,"line":38}},"29":{"end":{"column":68,"line":39},"start":{"column":8,"line":39}},"30":{"end":{"column":8,"line":43},"start":{"column":6,"line":41}},"31":{"end":{"column":68,"line":42},"start":{"column":8,"line":42}},"32":{"end":{"column":47,"line":45},"start":{"column":6,"line":45}},"33":{"end":{"column":58,"line":46},"start":{"column":6,"line":46}},"34":{"end":{"column":65,"line":50},"start":{"column":2,"line":50}},"35":{"end":{"column":48,"line":51},"start":{"column":2,"line":51}},"36":{"end":{"column":3,"line":54},"start":{"column":2,"line":52}},"37":{"end":{"column":51,"line":53},"start":{"column":4,"line":53}},"38":{"end":{"column":36,"line":56},"start":{"column":2,"line":56}},"39":{"end":{"column":49,"line":57},"start":{"column":2,"line":57}},"40":{"end":{"column":37,"line":58},"start":{"column":2,"line":58}},"41":{"end":{"column":51,"line":59},"start":{"column":2,"line":59}},"42":{"end":{"column":37,"line":60},"start":{"column":2,"line":60}},"43":{"end":{"column":50,"line":61},"start":{"column":2,"line":61}},"44":{"end":{"column":65,"line":63},"start":{"column":2,"line":63}},"45":{"end":{"column":48,"line":64},"start":{"column":2,"line":64}},"46":{"end":{"column":3,"line":67},"start":{"column":2,"line":65}},"47":{"end":{"column":51,"line":66},"start":{"column":4,"line":66}},"48":{"end":{"column":36,"line":69},"start":{"column":2,"line":69}},"49":{"end":{"column":49,"line":70},"start":{"column":2,"line":70}},"50":{"end":{"column":37,"line":71},"start":{"column":2,"line":71}},"51":{"end":{"column":50,"line":72},"start":{"column":2,"line":72}},"52":{"end":{"column":37,"line":73},"start":{"column":2,"line":73}},"53":{"end":{"column":69,"line":74},"start":{"column":2,"line":74}},"54":{"end":{"column":56,"line":75},"start":{"column":2,"line":75}},"55":{"end":{"column":3,"line":79},"start":{"column":2,"line":76}},"56":{"end":{"column":45,"line":78},"start":{"column":4,"line":77}}}},"E:\\GitHub\\Dable\\src\\applyBootstrapStyles.js":{"b":{"1":[0,1],"2":[4,0],"3":[0,4],"4":[0,4],"5":[0,1]},"branchMap":{"1":{"line":4,"locations":[{"end":{"column":2,"line":4},"start":{"column":2,"line":4}},{"end":{"column":2,"line":4},"start":{"column":2,"line":4}}],"type":"if"},"2":{"line":27,"locations":[{"end":{"column":4,"line":27},"start":{"column":4,"line":27}},{"end":{"column":4,"line":27},"start":{"column":4,"line":27}}],"type":"if"},"3":{"line":28,"locations":[{"end":{"column":6,"line":28},"start":{"column":6,"line":28}},{"end":{"column":6,"line":28},"start":{"column":6,"line":28}}],"type":"if"},"4":{"line":31,"locations":[{"end":{"column":13,"line":31},"start":{"column":13,"line":31}},{"end":{"column":13,"line":31},"start":{"column":13,"line":31}}],"type":"if"},"5":{"line":62,"locations":[{"end":{"column":2,"line":62},"start":{"column":2,"line":62}},{"end":{"column":2,"line":62},"start":{"column":2,"line":62}}],"type":"if"}},"f":{"1":1},"fnMap":{"1":{"line":3,"loc":{"end":{"column":34,"line":3},"start":{"column":15,"line":3}},"name":"(anonymous_1)"}},"path":"E:\\GitHub\\Dable\\src\\applyBootstrapStyles.js","s":{"1":1,"2":1,"3":0,"4":1,"5":1,"6":1,"7":1,"8":1,"9":1,"10":1,"11":1,"12":1,"13":1,"14":1,"15":1,"16":10,"17":1,"18":1,"19":4,"20":4,"21":4,"22":0,"23":4,"24":0,"25":4,"26":1,"27":1,"28":1,"29":1,"30":1,"31":1,"32":2,"33":1,"34":1,"35":1,"36":1,"37":1,"38":1,"39":1,"40":1,"41":1,"42":1,"43":0,"44":0,"45":0,"46":0,"47":0,"48":0,"49":0,"50":0,"51":0,"52":0,"53":1,"54":1,"55":2},"statementMap":{"1":{"end":{"column":1,"line":79},"start":{"column":15,"line":3}},"2":{"end":{"column":3,"line":6},"start":{"column":2,"line":4}},"3":{"end":{"column":17,"line":5},"start":{"column":4,"line":5}},"4":{"end":{"column":44,"line":8},"start":{"column":2,"line":8}},"5":{"end":{"column":65,"line":9},"start":{"column":2,"line":9}},"6":{"end":{"column":65,"line":10},"start":{"column":2,"line":10}},"7":{"end":{"column":46,"line":11},"start":{"column":2,"line":11}},"8":{"end":{"column":68,"line":12},"start":{"column":2,"line":12}},"9":{"end":{"column":64,"line":13},"start":{"column":2,"line":13}},"10":{"end":{"column":48,"line":14},"start":{"column":2,"line":14}},"11":{"end":{"column":47,"line":15},"start":{"column":2,"line":15}},"12":{"end":{"column":53,"line":16},"start":{"column":2,"line":16}},"13":{"end":{"column":54,"line":17},"start":{"column":2,"line":17}},"14":{"end":{"column":53,"line":19},"start":{"column":2,"line":19}},"15":{"end":{"column":3,"line":22},"start":{"column":2,"line":20}},"16":{"end":{"column":42,"line":21},"start":{"column":4,"line":21}},"17":{"end":{"column":47,"line":24},"start":{"column":2,"line":24}},"18":{"end":{"column":3,"line":38},"start":{"column":2,"line":25}},"19":{"end":{"column":64,"line":26},"start":{"column":4,"line":26}},"20":{"end":{"column":5,"line":37},"start":{"column":4,"line":27}},"21":{"end":{"column":7,"line":34},"start":{"column":6,"line":28}},"22":{"end":{"column":47,"line":30},"start":{"column":8,"line":29}},"23":{"end":{"column":7,"line":34},"start":{"column":13,"line":31}},"24":{"end":{"column":45,"line":33},"start":{"column":8,"line":32}},"25":{"end":{"column":26,"line":36},"start":{"column":6,"line":36}},"26":{"end":{"column":62,"line":40},"start":{"column":2,"line":40}},"27":{"end":{"column":68,"line":41},"start":{"column":2,"line":41}},"28":{"end":{"column":69,"line":42},"start":{"column":2,"line":42}},"29":{"end":{"column":42,"line":43},"start":{"column":2,"line":43}},"30":{"end":{"column":49,"line":45},"start":{"column":2,"line":45}},"31":{"end":{"column":3,"line":48},"start":{"column":2,"line":46}},"32":{"end":{"column":31,"line":47},"start":{"column":4,"line":47}},"33":{"end":{"column":48,"line":50},"start":{"column":2,"line":50}},"34":{"end":{"column":26,"line":52},"start":{"column":2,"line":52}},"35":{"end":{"column":43,"line":53},"start":{"column":2,"line":53}},"36":{"end":{"column":71,"line":54},"start":{"column":2,"line":54}},"37":{"end":{"column":37,"line":55},"start":{"column":2,"line":55}},"38":{"end":{"column":27,"line":57},"start":{"column":2,"line":57}},"39":{"end":{"column":44,"line":58},"start":{"column":2,"line":58}},"40":{"end":{"column":73,"line":59},"start":{"column":2,"line":59}},"41":{"end":{"column":39,"line":60},"start":{"column":2,"line":60}},"42":{"end":{"column":3,"line":73},"start":{"column":2,"line":62}},"43":{"end":{"column":72,"line":63},"start":{"column":4,"line":63}},"44":{"end":{"column":70,"line":64},"start":{"column":4,"line":64}},"45":{"end":{"column":29,"line":65},"start":{"column":4,"line":65}},"46":{"end":{"column":46,"line":66},"start":{"column":4,"line":66}},"47":{"end":{"column":77,"line":67},"start":{"column":4,"line":67}},"48":{"end":{"column":41,"line":68},"start":{"column":4,"line":68}},"49":{"end":{"column":28,"line":69},"start":{"column":4,"line":69}},"50":{"end":{"column":45,"line":70},"start":{"column":4,"line":70}},"51":{"end":{"column":75,"line":71},"start":{"column":4,"line":71}},"52":{"end":{"column":39,"line":72},"start":{"column":4,"line":72}},"53":{"end":{"column":74,"line":75},"start":{"column":2,"line":75}},"54":{"end":{"column":3,"line":78},"start":{"column":2,"line":76}},"55":{"end":{"column":52,"line":77},"start":{"column":4,"line":77}}}},"E:\\GitHub\\Dable\\src\\applyJqueryUIStyles.js":{"b":{"1":[0,1],"2":[4,0],"3":[0,4],"4":[0,4],"5":[1,0],"6":[0,1],"7":[0,1]},"branchMap":{"1":{"line":4,"locations":[{"end":{"column":2,"line":4},"start":{"column":2,"line":4}},{"end":{"column":2,"line":4},"start":{"column":2,"line":4}}],"type":"if"},"2":{"line":18,"locations":[{"end":{"column":4,"line":18},"start":{"column":4,"line":18}},{"end":{"column":4,"line":18},"start":{"column":4,"line":18}}],"type":"if"},"3":{"line":19,"locations":[{"end":{"column":6,"line":19},"start":{"column":6,"line":19}},{"end":{"column":6,"line":19},"start":{"column":6,"line":19}}],"type":"if"},"4":{"line":22,"locations":[{"end":{"column":13,"line":22},"start":{"column":13,"line":22}},{"end":{"column":13,"line":22},"start":{"column":13,"line":22}}],"type":"if"},"5":{"line":51,"locations":[{"end":{"column":2,"line":51},"start":{"column":2,"line":51}},{"end":{"column":2,"line":51},"start":{"column":2,"line":51}}],"type":"if"},"6":{"line":60,"locations":[{"end":{"column":2,"line":60},"start":{"column":2,"line":60}},{"end":{"column":2,"line":60},"start":{"column":2,"line":60}}],"type":"if"},"7":{"line":64,"locations":[{"end":{"column":2,"line":64},"start":{"column":2,"line":64}},{"end":{"column":2,"line":64},"start":{"column":2,"line":64}}],"type":"if"}},"f":{"1":1},"fnMap":{"1":{"line":3,"loc":{"end":{"column":34,"line":3},"start":{"column":15,"line":3}},"name":"(anonymous_1)"}},"path":"E:\\GitHub\\Dable\\src\\applyJqueryUIStyles.js","s":{"1":1,"2":1,"3":0,"4":1,"5":1,"6":1,"7":1,"8":1,"9":1,"10":4,"11":4,"12":4,"13":4,"14":0,"15":4,"16":0,"17":4,"18":1,"19":1,"20":2,"21":1,"22":1,"23":1,"24":1,"25":2,"26":1,"27":1,"28":1,"29":1,"30":1,"31":1,"32":1,"33":1,"34":1,"35":1,"36":1,"37":1,"38":1,"39":0,"40":1,"41":0,"42":0,"43":0,"44":0,"45":0,"46":0,"47":0,"48":0,"49":0,"50":0},"statementMap":{"1":{"end":{"column":1,"line":76},"start":{"column":15,"line":3}},"2":{"end":{"column":3,"line":6},"start":{"column":2,"line":4}},"3":{"end":{"column":17,"line":5},"start":{"column":4,"line":5}},"4":{"end":{"column":65,"line":8},"start":{"column":2,"line":8}},"5":{"end":{"column":65,"line":9},"start":{"column":2,"line":9}},"6":{"end":{"column":44,"line":10},"start":{"column":2,"line":10}},"7":{"end":{"column":52,"line":12},"start":{"column":2,"line":11}},"8":{"end":{"column":50,"line":14},"start":{"column":2,"line":14}},"9":{"end":{"column":3,"line":29},"start":{"column":2,"line":15}},"10":{"end":{"column":59,"line":16},"start":{"column":4,"line":16}},"11":{"end":{"column":64,"line":17},"start":{"column":4,"line":17}},"12":{"end":{"column":5,"line":28},"start":{"column":4,"line":18}},"13":{"end":{"column":7,"line":25},"start":{"column":6,"line":19}},"14":{"end":{"column":43,"line":21},"start":{"column":8,"line":20}},"15":{"end":{"column":7,"line":25},"start":{"column":13,"line":22}},"16":{"end":{"column":43,"line":24},"start":{"column":8,"line":23}},"17":{"end":{"column":26,"line":27},"start":{"column":6,"line":27}},"18":{"end":{"column":49,"line":31},"start":{"column":2,"line":31}},"19":{"end":{"column":3,"line":34},"start":{"column":2,"line":32}},"20":{"end":{"column":31,"line":33},"start":{"column":4,"line":33}},"21":{"end":{"column":52,"line":37},"start":{"column":2,"line":36}},"22":{"end":{"column":27,"line":39},"start":{"column":2,"line":38}},"23":{"end":{"column":74,"line":41},"start":{"column":2,"line":41}},"24":{"end":{"column":3,"line":44},"start":{"column":2,"line":42}},"25":{"end":{"column":52,"line":43},"start":{"column":4,"line":43}},"26":{"end":{"column":68,"line":46},"start":{"column":2,"line":46}},"27":{"end":{"column":26,"line":47},"start":{"column":2,"line":47}},"28":{"end":{"column":43,"line":48},"start":{"column":2,"line":48}},"29":{"end":{"column":71,"line":49},"start":{"column":2,"line":49}},"30":{"end":{"column":37,"line":50},"start":{"column":2,"line":50}},"31":{"end":{"column":3,"line":53},"start":{"column":2,"line":51}},"32":{"end":{"column":69,"line":52},"start":{"column":4,"line":52}},"33":{"end":{"column":69,"line":55},"start":{"column":2,"line":55}},"34":{"end":{"column":27,"line":56},"start":{"column":2,"line":56}},"35":{"end":{"column":44,"line":57},"start":{"column":2,"line":57}},"36":{"end":{"column":72,"line":58},"start":{"column":2,"line":58}},"37":{"end":{"column":39,"line":59},"start":{"column":2,"line":59}},"38":{"end":{"column":3,"line":62},"start":{"column":2,"line":60}},"39":{"end":{"column":70,"line":61},"start":{"column":4,"line":61}},"40":{"end":{"column":3,"line":75},"start":{"column":2,"line":64}},"41":{"end":{"column":72,"line":65},"start":{"column":4,"line":65}},"42":{"end":{"column":70,"line":66},"start":{"column":4,"line":66}},"43":{"end":{"column":29,"line":67},"start":{"column":4,"line":67}},"44":{"end":{"column":46,"line":68},"start":{"column":4,"line":68}},"45":{"end":{"column":78,"line":69},"start":{"column":4,"line":69}},"46":{"end":{"column":41,"line":70},"start":{"column":4,"line":70}},"47":{"end":{"column":28,"line":71},"start":{"column":4,"line":71}},"48":{"end":{"column":45,"line":72},"start":{"column":4,"line":72}},"49":{"end":{"column":77,"line":73},"start":{"column":4,"line":73}},"50":{"end":{"column":39,"line":74},"start":{"column":4,"line":74}}}},"E:\\GitHub\\Dable\\src\\asyncReload.js":{"b":{"1":[0,0],"2":[0,0],"3":[0,0],"4":[0,0]},"branchMap":{"1":{"line":4,"locations":[{"end":{"column":2,"line":4},"start":{"column":2,"line":4}},{"end":{"column":2,"line":4},"start":{"column":2,"line":4}}],"type":"if"},"2":{"line":6,"locations":[{"end":{"column":6,"line":6},"start":{"column":6,"line":6}},{"end":{"column":6,"line":6},"start":{"column":6,"line":6}}],"type":"if"},"3":{"line":16,"locations":[{"end":{"column":2,"line":16},"start":{"column":2,"line":16}},{"end":{"column":2,"line":16},"start":{"column":2,"line":16}}],"type":"if"},"4":{"line":16,"locations":[{"end":{"column":31,"line":16},"start":{"column":6,"line":16}},{"end":{"column":57,"line":17},"start":{"column":6,"line":17}}],"type":"binary-expr"}},"f":{"1":0,"2":0},"fnMap":{"1":{"line":3,"loc":{"end":{"column":34,"line":3},"start":{"column":15,"line":3}},"name":"(anonymous_1)"},"2":{"line":5,"loc":{"end":{"column":36,"line":5},"start":{"column":20,"line":5}},"name":"(anonymous_2)"}},"path":"E:\\GitHub\\Dable\\src\\asyncReload.js","s":{"1":1,"2":0,"3":0,"4":0,"5":0,"6":0,"7":0,"8":0,"9":0,"10":0,"11":0},"statementMap":{"1":{"end":{"column":1,"line":23},"start":{"column":15,"line":3}},"2":{"end":{"column":3,"line":13},"start":{"column":2,"line":4}},"3":{"end":{"column":13,"line":12},"start":{"column":4,"line":5}},"4":{"end":{"column":7,"line":11},"start":{"column":6,"line":6}},"5":{"end":{"column":20,"line":7},"start":{"column":8,"line":7}},"6":{"end":{"column":35,"line":9},"start":{"column":8,"line":9}},"7":{"end":{"column":27,"line":10},"start":{"column":8,"line":10}},"8":{"end":{"column":23,"line":15},"start":{"column":2,"line":15}},"9":{"end":{"column":3,"line":19},"start":{"column":2,"line":16}},"10":{"end":{"column":22,"line":18},"start":{"column":4,"line":18}},"11":{"end":{"column":25,"line":22},"start":{"column":2,"line":21}}}},"E:\\GitHub\\Dable\\src\\asyncRequest.js":{"b":{"1":[0,0],"2":[0,0],"3":[0,0],"4":[0,0],"5":[0,0],"6":[0,0],"7":[0,0],"8":[0,0],"9":[0,0],"10":[0,0],"11":[0,0],"12":[0,0],"13":[0,0,0],"14":[0,0]},"branchMap":{"1":{"line":3,"locations":[{"end":{"column":2,"line":3},"start":{"column":2,"line":3}},{"end":{"column":2,"line":3},"start":{"column":2,"line":3}}],"type":"if"},"2":{"line":9,"locations":[{"end":{"column":4,"line":9},"start":{"column":4,"line":9}},{"end":{"column":4,"line":9},"start":{"column":4,"line":9}}],"type":"if"},"3":{"line":9,"locations":[{"end":{"column":36,"line":9},"start":{"column":8,"line":9}},{"end":{"column":66,"line":9},"start":{"column":40,"line":9}}],"type":"binary-expr"},"4":{"line":12,"locations":[{"end":{"column":6,"line":12},"start":{"column":6,"line":12}},{"end":{"column":6,"line":12},"start":{"column":6,"line":12}}],"type":"if"},"5":{"line":17,"locations":[{"end":{"column":6,"line":17},"start":{"column":6,"line":17}},{"end":{"column":6,"line":17},"start":{"column":6,"line":17}}],"type":"if"},"6":{"line":19,"locations":[{"end":{"column":8,"line":19},"start":{"column":8,"line":19}},{"end":{"column":8,"line":19},"start":{"column":8,"line":19}}],"type":"if"},"7":{"line":24,"locations":[{"end":{"column":13,"line":24},"start":{"column":13,"line":24}},{"end":{"column":13,"line":24},"start":{"column":13,"line":24}}],"type":"if"},"8":{"line":26,"locations":[{"end":{"column":8,"line":26},"start":{"column":8,"line":26}},{"end":{"column":8,"line":26},"start":{"column":8,"line":26}}],"type":"if"},"9":{"line":31,"locations":[{"end":{"column":13,"line":31},"start":{"column":13,"line":31}},{"end":{"column":13,"line":31},"start":{"column":13,"line":31}}],"type":"if"},"10":{"line":33,"locations":[{"end":{"column":8,"line":33},"start":{"column":8,"line":33}},{"end":{"column":8,"line":33},"start":{"column":8,"line":33}}],"type":"if"},"11":{"line":59,"locations":[{"end":{"column":6,"line":59},"start":{"column":6,"line":59}},{"end":{"column":6,"line":59},"start":{"column":6,"line":59}}],"type":"if"},"12":{"line":59,"locations":[{"end":{"column":28,"line":59},"start":{"column":10,"line":59}},{"end":{"column":62,"line":60},"start":{"column":10,"line":60}}],"type":"binary-expr"},"13":{"line":60,"locations":[{"end":{"column":26,"line":60},"start":{"column":18,"line":60}},{"end":{"column":43,"line":60},"start":{"column":30,"line":60}},{"end":{"column":61,"line":60},"start":{"column":47,"line":60}}],"type":"binary-expr"},"14":{"line":73,"locations":[{"end":{"column":2,"line":73},"start":{"column":2,"line":73}},{"end":{"column":2,"line":73},"start":{"column":2,"line":73}}],"type":"if"}},"f":{"1":0,"2":0,"3":0,"4":0},"fnMap":{"1":{"line":1,"loc":{"end":{"column":72,"line":1},"start":{"column":15,"line":1}},"name":"(anonymous_1)"},"2":{"line":8,"loc":{"end":{"column":47,"line":8},"start":{"column":36,"line":8}},"name":"(anonymous_2)"},"3":{"line":54,"loc":{"end":{"column":33,"line":54},"start":{"column":22,"line":54}},"name":"(anonymous_3)"},"4":{"line":55,"loc":{"end":{"column":40,"line":55},"start":{"column":29,"line":55}},"name":"(anonymous_4)"}},"path":"E:\\GitHub\\Dable\\src\\asyncRequest.js","s":{"1":1,"2":0,"3":0,"4":0,"5":0,"6":0,"7":0,"8":0,"9":0,"10":0,"11":0,"12":0,"13":0,"14":0,"15":0,"16":0,"17":0,"18":0,"19":0,"20":0,"21":0,"22":0,"23":0,"24":0,"25":0,"26":0,"27":0,"28":0,"29":0,"30":0,"31":0,"32":0,"33":0,"34":0,"35":0,"36":0,"37":0,"38":0,"39":0,"40":0,"41":0,"42":0,"43":0,"44":0,"45":0,"46":0,"47":0,"48":0,"49":0,"50":0,"51":0,"52":0},"statementMap":{"1":{"end":{"column":1,"line":80},"start":{"column":15,"line":1}},"2":{"end":{"column":19,"line":2},"start":{"column":2,"line":2}},"3":{"end":{"column":3,"line":5},"start":{"column":2,"line":3}},"4":{"end":{"column":21,"line":4},"start":{"column":4,"line":4}},"5":{"end":{"column":42,"line":7},"start":{"column":2,"line":7}},"6":{"end":{"column":4,"line":64},"start":{"column":2,"line":8}},"7":{"end":{"column":5,"line":63},"start":{"column":4,"line":9}},"8":{"end":{"column":55,"line":10},"start":{"column":6,"line":10}},"9":{"end":{"column":28,"line":11},"start":{"column":6,"line":11}},"10":{"end":{"column":7,"line":14},"start":{"column":6,"line":12}},"11":{"end":{"column":40,"line":13},"start":{"column":8,"line":13}},"12":{"end":{"column":39,"line":16},"start":{"column":6,"line":16}},"13":{"end":{"column":7,"line":38},"start":{"column":6,"line":17}},"14":{"end":{"column":60,"line":18},"start":{"column":8,"line":18}},"15":{"end":{"column":9,"line":21},"start":{"column":8,"line":19}},"16":{"end":{"column":64,"line":20},"start":{"column":10,"line":20}},"17":{"end":{"column":15,"line":23},"start":{"column":8,"line":23}},"18":{"end":{"column":7,"line":38},"start":{"column":13,"line":24}},"19":{"end":{"column":72,"line":25},"start":{"column":8,"line":25}},"20":{"end":{"column":9,"line":28},"start":{"column":8,"line":26}},"21":{"end":{"column":76,"line":27},"start":{"column":10,"line":27}},"22":{"end":{"column":15,"line":30},"start":{"column":8,"line":30}},"23":{"end":{"column":7,"line":38},"start":{"column":13,"line":31}},"24":{"end":{"column":64,"line":32},"start":{"column":8,"line":32}},"25":{"end":{"column":9,"line":35},"start":{"column":8,"line":33}},"26":{"end":{"column":68,"line":34},"start":{"column":10,"line":34}},"27":{"end":{"column":15,"line":37},"start":{"column":8,"line":37}},"28":{"end":{"column":27,"line":41},"start":{"column":6,"line":41}},"29":{"end":{"column":7,"line":44},"start":{"column":6,"line":42}},"30":{"end":{"column":28,"line":43},"start":{"column":8,"line":43}},"31":{"end":{"column":27,"line":46},"start":{"column":6,"line":46}},"32":{"end":{"column":7,"line":50},"start":{"column":6,"line":47}},"33":{"end":{"column":28,"line":49},"start":{"column":8,"line":49}},"34":{"end":{"column":38,"line":53},"start":{"column":6,"line":53}},"35":{"end":{"column":63,"line":54},"start":{"column":6,"line":54}},"36":{"end":{"column":61,"line":54},"start":{"column":34,"line":54}},"37":{"end":{"column":8,"line":57},"start":{"column":6,"line":55}},"38":{"end":{"column":43,"line":56},"start":{"column":8,"line":56}},"39":{"end":{"column":7,"line":62},"start":{"column":6,"line":59}},"40":{"end":{"column":19,"line":61},"start":{"column":8,"line":61}},"41":{"end":{"column":60,"line":66},"start":{"column":2,"line":66}},"42":{"end":{"column":68,"line":67},"start":{"column":2,"line":67}},"43":{"end":{"column":65,"line":68},"start":{"column":2,"line":68}},"44":{"end":{"column":30,"line":69},"start":{"column":2,"line":69}},"45":{"end":{"column":26,"line":70},"start":{"column":2,"line":70}},"46":{"end":{"column":41,"line":71},"start":{"column":2,"line":71}},"47":{"end":{"column":32,"line":72},"start":{"column":2,"line":72}},"48":{"end":{"column":3,"line":77},"start":{"column":2,"line":73}},"49":{"end":{"column":34,"line":74},"start":{"column":4,"line":74}},"50":{"end":{"column":42,"line":76},"start":{"column":4,"line":76}},"51":{"end":{"column":38,"line":78},"start":{"column":2,"line":78}},"52":{"end":{"column":51,"line":79},"start":{"column":2,"line":79}}}},"E:\\GitHub\\Dable\\src\\baseSort.js":{"b":{"1":[4,0],"2":[4,0],"3":[1,84],"4":[80,4],"5":[91,5,90],"6":[2,2],"7":[2,0],"8":[278,2],"9":[2,0],"10":[5,1],"11":[1,5],"12":[6,2]},"branchMap":{"1":{"line":9,"locations":[{"end":{"column":2,"line":9},"start":{"column":2,"line":9}},{"end":{"column":2,"line":9},"start":{"column":2,"line":9}}],"type":"if"},"2":{"line":20,"locations":[{"end":{"column":2,"line":20},"start":{"column":2,"line":20}},{"end":{"column":2,"line":20},"start":{"column":2,"line":20}}],"type":"if"},"3":{"line":29,"locations":[{"end":{"column":2,"line":29},"start":{"column":2,"line":29}},{"end":{"column":2,"line":29},"start":{"column":2,"line":29}}],"type":"if"},"4":{"line":32,"locations":[{"end":{"column":9,"line":32},"start":{"column":9,"line":32}},{"end":{"column":9,"line":32},"start":{"column":9,"line":32}}],"type":"if"},"5":{"line":42,"locations":[{"end":{"column":15,"line":42},"start":{"column":10,"line":42}},{"end":{"column":25,"line":42},"start":{"column":19,"line":42}},{"end":{"column":58,"line":42},"start":{"column":30,"line":42}}],"type":"binary-expr"},"6":{"line":50,"locations":[{"end":{"column":4,"line":50},"start":{"column":4,"line":50}},{"end":{"column":4,"line":50},"start":{"column":4,"line":50}}],"type":"if"},"7":{"line":52,"locations":[{"end":{"column":11,"line":52},"start":{"column":11,"line":52}},{"end":{"column":11,"line":52},"start":{"column":11,"line":52}}],"type":"if"},"8":{"line":69,"locations":[{"end":{"column":4,"line":69},"start":{"column":4,"line":69}},{"end":{"column":4,"line":69},"start":{"column":4,"line":69}}],"type":"if"},"9":{"line":71,"locations":[{"end":{"column":11,"line":71},"start":{"column":11,"line":71}},{"end":{"column":11,"line":71},"start":{"column":11,"line":71}}],"type":"if"},"10":{"line":86,"locations":[{"end":{"column":2,"line":86},"start":{"column":2,"line":86}},{"end":{"column":2,"line":86},"start":{"column":2,"line":86}}],"type":"if"},"11":{"line":88,"locations":[{"end":{"column":2,"line":88},"start":{"column":2,"line":88}},{"end":{"column":2,"line":88},"start":{"column":2,"line":88}}],"type":"if"},"12":{"line":88,"locations":[{"end":{"column":12,"line":88},"start":{"column":6,"line":88}},{"end":{"column":23,"line":88},"start":{"column":16,"line":88}}],"type":"binary-expr"}},"f":{"1":4,"2":4,"3":85,"4":6,"5":1,"6":4,"7":5,"8":5,"9":280,"10":6},"fnMap":{"1":{"line":7,"loc":{"end":{"column":21,"line":7},"start":{"column":0,"line":7}},"name":"ifDate"},"2":{"line":17,"loc":{"end":{"column":30,"line":17},"start":{"column":0,"line":17}},"name":"detectDate"},"3":{"line":27,"loc":{"end":{"column":36,"line":27},"start":{"column":0,"line":27}},"name":"testCellContents"},"4":{"line":40,"loc":{"end":{"column":58,"line":40},"start":{"column":0,"line":40}},"name":"detectColumnType"},"5":{"line":48,"loc":{"end":{"column":49,"line":48},"start":{"column":0,"line":48}},"name":"lexSort"},"6":{"line":49,"loc":{"end":{"column":47,"line":49},"start":{"column":32,"line":49}},"name":"(anonymous_6)"},"7":{"line":59,"loc":{"end":{"column":36,"line":59},"start":{"column":0,"line":59}},"name":"hydrate"},"8":{"line":67,"loc":{"end":{"column":38,"line":67},"start":{"column":0,"line":67}},"name":"schwTrans"},"9":{"line":68,"loc":{"end":{"column":36,"line":68},"start":{"column":21,"line":68}},"name":"(anonymous_9)"},"10":{"line":79,"loc":{"end":{"column":67,"line":79},"start":{"column":15,"line":79}},"name":"(anonymous_10)"}},"path":"E:\\GitHub\\Dable\\src\\baseSort.js","s":{"1":1,"2":1,"3":1,"4":1,"5":1,"6":1,"7":4,"8":4,"9":4,"10":4,"11":4,"12":4,"13":1,"14":4,"15":4,"16":4,"17":4,"18":0,"19":1,"20":85,"21":85,"22":1,"23":1,"24":84,"25":80,"26":80,"27":4,"28":1,"29":6,"30":6,"31":85,"32":85,"33":1,"34":1,"35":4,"36":2,"37":2,"38":2,"39":0,"40":1,"41":5,"42":5,"43":84,"44":5,"45":1,"46":5,"47":280,"48":278,"49":2,"50":2,"51":0,"52":5,"53":1,"54":6,"55":6,"56":6,"57":6,"58":6,"59":6,"60":5,"61":6,"62":1,"63":5},"statementMap":{"1":{"end":{"column":66,"line":1},"start":{"column":0,"line":1}},"2":{"end":{"column":14,"line":2},"start":{"column":0,"line":2}},"3":{"end":{"column":10,"line":3},"start":{"column":0,"line":3}},"4":{"end":{"column":11,"line":4},"start":{"column":0,"line":4}},"5":{"end":{"column":18,"line":5},"start":{"column":0,"line":5}},"6":{"end":{"column":1,"line":15},"start":{"column":0,"line":7}},"7":{"end":{"column":44,"line":8},"start":{"column":2,"line":8}},"8":{"end":{"column":3,"line":14},"start":{"column":2,"line":9}},"9":{"end":{"column":51,"line":10},"start":{"column":4,"line":10}},"10":{"end":{"column":49,"line":11},"start":{"column":4,"line":11}},"11":{"end":{"column":51,"line":12},"start":{"column":4,"line":12}},"12":{"end":{"column":30,"line":13},"start":{"column":4,"line":13}},"13":{"end":{"column":1,"line":25},"start":{"column":0,"line":17}},"14":{"end":{"column":16,"line":18},"start":{"column":2,"line":18}},"15":{"end":{"column":32,"line":19},"start":{"column":2,"line":19}},"16":{"end":{"column":3,"line":24},"start":{"column":2,"line":20}},"17":{"end":{"column":55,"line":21},"start":{"column":4,"line":21}},"18":{"end":{"column":19,"line":23},"start":{"column":4,"line":23}},"19":{"end":{"column":1,"line":38},"start":{"column":0,"line":27}},"20":{"end":{"column":37,"line":28},"start":{"column":2,"line":28}},"21":{"end":{"column":3,"line":37},"start":{"column":2,"line":29}},"22":{"end":{"column":18,"line":30},"start":{"column":4,"line":30}},"23":{"end":{"column":19,"line":31},"start":{"column":4,"line":31}},"24":{"end":{"column":3,"line":37},"start":{"column":9,"line":32}},"25":{"end":{"column":19,"line":33},"start":{"column":4,"line":33}},"26":{"end":{"column":54,"line":34},"start":{"column":4,"line":34}},"27":{"end":{"column":25,"line":36},"start":{"column":4,"line":36}},"28":{"end":{"column":1,"line":46},"start":{"column":0,"line":40}},"29":{"end":{"column":12,"line":41},"start":{"column":2,"line":41}},"30":{"end":{"column":3,"line":45},"start":{"column":2,"line":42}},"31":{"end":{"column":74,"line":43},"start":{"column":4,"line":43}},"32":{"end":{"column":11,"line":44},"start":{"column":4,"line":44}},"33":{"end":{"column":1,"line":57},"start":{"column":0,"line":48}},"34":{"end":{"column":5,"line":56},"start":{"column":2,"line":49}},"35":{"end":{"column":5,"line":54},"start":{"column":4,"line":50}},"36":{"end":{"column":23,"line":51},"start":{"column":6,"line":51}},"37":{"end":{"column":5,"line":54},"start":{"column":11,"line":52}},"38":{"end":{"column":24,"line":53},"start":{"column":6,"line":53}},"39":{"end":{"column":13,"line":55},"start":{"column":4,"line":55}},"40":{"end":{"column":1,"line":65},"start":{"column":0,"line":59}},"41":{"end":{"column":15,"line":60},"start":{"column":2,"line":60}},"42":{"end":{"column":3,"line":63},"start":{"column":2,"line":61}},"43":{"end":{"column":56,"line":62},"start":{"column":4,"line":62}},"44":{"end":{"column":13,"line":64},"start":{"column":2,"line":64}},"45":{"end":{"column":1,"line":77},"start":{"column":0,"line":67}},"46":{"end":{"column":5,"line":75},"start":{"column":2,"line":68}},"47":{"end":{"column":5,"line":73},"start":{"column":4,"line":69}},"48":{"end":{"column":23,"line":70},"start":{"column":6,"line":70}},"49":{"end":{"column":5,"line":73},"start":{"column":11,"line":71}},"50":{"end":{"column":24,"line":72},"start":{"column":6,"line":72}},"51":{"end":{"column":13,"line":74},"start":{"column":4,"line":74}},"52":{"end":{"column":36,"line":76},"start":{"column":2,"line":76}},"53":{"end":{"column":1,"line":93},"start":{"column":15,"line":79}},"54":{"end":{"column":15,"line":80},"start":{"column":2,"line":80}},"55":{"end":{"column":16,"line":81},"start":{"column":2,"line":81}},"56":{"end":{"column":21,"line":82},"start":{"column":2,"line":82}},"57":{"end":{"column":51,"line":83},"start":{"column":2,"line":83}},"58":{"end":{"column":17,"line":85},"start":{"column":2,"line":85}},"59":{"end":{"column":33,"line":86},"start":{"column":2,"line":86}},"60":{"end":{"column":32,"line":86},"start":{"column":18,"line":86}},"61":{"end":{"column":3,"line":90},"start":{"column":2,"line":88}},"62":{"end":{"column":51,"line":89},"start":{"column":4,"line":89}},"63":{"end":{"column":38,"line":92},"start":{"column":2,"line":92}}}},"E:\\GitHub\\Dable\\src\\buildAll.js":{"b":{"1":[19,25],"2":[0,25],"3":[0,25],"4":[0,0]},"branchMap":{"1":{"line":5,"locations":[{"end":{"column":2,"line":5},"start":{"column":2,"line":5}},{"end":{"column":2,"line":5},"start":{"column":2,"line":5}}],"type":"if"},"2":{"line":10,"locations":[{"end":{"column":2,"line":10},"start":{"column":2,"line":10}},{"end":{"column":2,"line":10},"start":{"column":2,"line":10}}],"type":"if"},"3":{"line":14,"locations":[{"end":{"column":2,"line":14},"start":{"column":2,"line":14}},{"end":{"column":2,"line":14},"start":{"column":2,"line":14}}],"type":"if"},"4":{"line":16,"locations":[{"end":{"column":6,"line":16},"start":{"column":6,"line":16}},{"end":{"column":6,"line":16},"start":{"column":6,"line":16}}],"type":"if"}},"f":{"1":44,"2":0},"fnMap":{"1":{"line":3,"loc":{"end":{"column":36,"line":3},"start":{"column":15,"line":3}},"name":"(anonymous_1)"},"2":{"line":15,"loc":{"end":{"column":60,"line":15},"start":{"column":44,"line":15}},"name":"(anonymous_2)"}},"path":"E:\\GitHub\\Dable\\src\\buildAll.js","s":{"1":1,"2":44,"3":44,"4":19,"5":25,"6":25,"7":0,"8":25,"9":0,"10":0,"11":0,"12":0,"13":0,"14":0,"15":0,"16":0,"17":0,"18":0,"19":0,"20":25,"21":25,"22":25,"23":25,"24":25,"25":25,"26":25,"27":25},"statementMap":{"1":{"end":{"column":1,"line":40},"start":{"column":15,"line":3}},"2":{"end":{"column":47,"line":4},"start":{"column":2,"line":4}},"3":{"end":{"column":3,"line":7},"start":{"column":2,"line":5}},"4":{"end":{"column":17,"line":6},"start":{"column":4,"line":6}},"5":{"end":{"column":50,"line":9},"start":{"column":2,"line":9}},"6":{"end":{"column":3,"line":12},"start":{"column":2,"line":10}},"7":{"end":{"column":17,"line":11},"start":{"column":4,"line":11}},"8":{"end":{"column":3,"line":39},"start":{"column":2,"line":14}},"9":{"end":{"column":14,"line":27},"start":{"column":4,"line":15}},"10":{"end":{"column":31,"line":16},"start":{"column":6,"line":16}},"11":{"end":{"column":30,"line":16},"start":{"column":18,"line":16}},"12":{"end":{"column":30,"line":17},"start":{"column":6,"line":17}},"13":{"end":{"column":46,"line":19},"start":{"column":6,"line":19}},"14":{"end":{"column":44,"line":20},"start":{"column":6,"line":20}},"15":{"end":{"column":46,"line":21},"start":{"column":6,"line":21}},"16":{"end":{"column":35,"line":22},"start":{"column":6,"line":22}},"17":{"end":{"column":34,"line":23},"start":{"column":6,"line":23}},"18":{"end":{"column":35,"line":24},"start":{"column":6,"line":24}},"19":{"end":{"column":33,"line":26},"start":{"column":6,"line":26}},"20":{"end":{"column":28,"line":29},"start":{"column":4,"line":29}},"21":{"end":{"column":44,"line":31},"start":{"column":4,"line":31}},"22":{"end":{"column":42,"line":32},"start":{"column":4,"line":32}},"23":{"end":{"column":44,"line":33},"start":{"column":4,"line":33}},"24":{"end":{"column":33,"line":34},"start":{"column":4,"line":34}},"25":{"end":{"column":32,"line":35},"start":{"column":4,"line":35}},"26":{"end":{"column":33,"line":36},"start":{"column":4,"line":36}},"27":{"end":{"column":31,"line":38},"start":{"column":4,"line":38}}}},"E:\\GitHub\\Dable\\src\\buildFooter.js":{"b":{"1":[0,25]},"branchMap":{"1":{"line":2,"locations":[{"end":{"column":2,"line":2},"start":{"column":2,"line":2}},{"end":{"column":2,"line":2},"start":{"column":2,"line":2}}],"type":"if"}},"f":{"1":25},"fnMap":{"1":{"line":1,"loc":{"end":{"column":34,"line":1},"start":{"column":15,"line":1}},"name":"(anonymous_1)"}},"path":"E:\\GitHub\\Dable\\src\\buildFooter.js","s":{"1":1,"2":25,"3":0,"4":25,"5":25,"6":25,"7":25,"8":25,"9":25,"10":25,"11":25,"12":25,"13":25,"14":25,"15":25,"16":25,"17":25,"18":25},"statementMap":{"1":{"end":{"column":1,"line":20},"start":{"column":15,"line":1}},"2":{"end":{"column":3,"line":4},"start":{"column":2,"line":2}},"3":{"end":{"column":17,"line":3},"start":{"column":4,"line":3}},"4":{"end":{"column":42,"line":5},"start":{"column":2,"line":5}},"5":{"end":{"column":44,"line":6},"start":{"column":2,"line":6}},"6":{"end":{"column":34,"line":7},"start":{"column":2,"line":7}},"7":{"end":{"column":38,"line":8},"start":{"column":2,"line":8}},"8":{"end":{"column":36,"line":9},"start":{"column":2,"line":9}},"9":{"end":{"column":28,"line":10},"start":{"column":2,"line":10}},"10":{"end":{"column":35,"line":11},"start":{"column":2,"line":11}},"11":{"end":{"column":36,"line":12},"start":{"column":2,"line":12}},"12":{"end":{"column":38,"line":13},"start":{"column":2,"line":13}},"13":{"end":{"column":34,"line":14},"start":{"column":2,"line":14}},"14":{"end":{"column":24,"line":15},"start":{"column":2,"line":15}},"15":{"end":{"column":27,"line":16},"start":{"column":2,"line":16}},"16":{"end":{"column":28,"line":17},"start":{"column":2,"line":17}},"17":{"end":{"column":28,"line":18},"start":{"column":2,"line":18}},"18":{"end":{"column":35,"line":19},"start":{"column":2,"line":19}}}},"E:\\GitHub\\Dable\\src\\buildHeader.js":{"b":{"1":[0,25],"2":[25,1]},"branchMap":{"1":{"line":4,"locations":[{"end":{"column":2,"line":4},"start":{"column":2,"line":4}},{"end":{"column":2,"line":4},"start":{"column":2,"line":4}}],"type":"if"},"2":{"line":36,"locations":[{"end":{"column":4,"line":36},"start":{"column":4,"line":36}},{"end":{"column":4,"line":36},"start":{"column":4,"line":36}}],"type":"if"}},"f":{"1":25,"2":0},"fnMap":{"1":{"line":3,"loc":{"end":{"column":34,"line":3},"start":{"column":15,"line":3}},"name":"(anonymous_1)"},"2":{"line":26,"loc":{"end":{"column":35,"line":26},"start":{"column":24,"line":26}},"name":"(anonymous_2)"}},"path":"E:\\GitHub\\Dable\\src\\buildHeader.js","s":{"1":1,"2":25,"3":0,"4":25,"5":25,"6":25,"7":25,"8":25,"9":25,"10":25,"11":25,"12":25,"13":25,"14":25,"15":100,"16":100,"17":100,"18":100,"19":25,"20":25,"21":0,"22":0,"23":0,"24":0,"25":0,"26":25,"27":25,"28":26,"29":25,"30":25,"31":25,"32":25,"33":25,"34":25,"35":25,"36":25,"37":25,"38":25,"39":25,"40":25,"41":25,"42":25,"43":25,"44":25,"45":25,"46":25},"statementMap":{"1":{"end":{"column":1,"line":62},"start":{"column":15,"line":3}},"2":{"end":{"column":3,"line":6},"start":{"column":2,"line":4}},"3":{"end":{"column":17,"line":5},"start":{"column":4,"line":5}},"4":{"end":{"column":42,"line":7},"start":{"column":2,"line":7}},"5":{"end":{"column":44,"line":8},"start":{"column":2,"line":8}},"6":{"end":{"column":48,"line":9},"start":{"column":2,"line":9}},"7":{"end":{"column":48,"line":10},"start":{"column":2,"line":10}},"8":{"end":{"column":46,"line":11},"start":{"column":2,"line":11}},"9":{"end":{"column":34,"line":13},"start":{"column":2,"line":13}},"10":{"end":{"column":35,"line":14},"start":{"column":2,"line":14}},"11":{"end":{"column":27,"line":15},"start":{"column":2,"line":15}},"12":{"end":{"column":25,"line":16},"start":{"column":2,"line":16}},"13":{"end":{"column":43,"line":17},"start":{"column":2,"line":17}},"14":{"end":{"column":3,"line":23},"start":{"column":2,"line":18}},"15":{"end":{"column":45,"line":19},"start":{"column":4,"line":19}},"16":{"end":{"column":45,"line":20},"start":{"column":4,"line":20}},"17":{"end":{"column":56,"line":21},"start":{"column":4,"line":21}},"18":{"end":{"column":39,"line":22},"start":{"column":4,"line":22}},"19":{"end":{"column":19,"line":25},"start":{"column":2,"line":25}},"20":{"end":{"column":4,"line":32},"start":{"column":2,"line":26}},"21":{"end":{"column":22,"line":27},"start":{"column":4,"line":27}},"22":{"end":{"column":29,"line":28},"start":{"column":4,"line":28}},"23":{"end":{"column":41,"line":29},"start":{"column":4,"line":29}},"24":{"end":{"column":75,"line":30},"start":{"column":4,"line":30}},"25":{"end":{"column":32,"line":31},"start":{"column":4,"line":31}},"26":{"end":{"column":54,"line":34},"start":{"column":2,"line":34}},"27":{"end":{"column":3,"line":40},"start":{"column":2,"line":35}},"28":{"end":{"column":5,"line":39},"start":{"column":4,"line":36}},"29":{"end":{"column":33,"line":37},"start":{"column":6,"line":37}},"30":{"end":{"column":12,"line":38},"start":{"column":6,"line":38}},"31":{"end":{"column":31,"line":42},"start":{"column":2,"line":42}},"32":{"end":{"column":35,"line":44},"start":{"column":2,"line":44}},"33":{"end":{"column":37,"line":45},"start":{"column":2,"line":45}},"34":{"end":{"column":31,"line":46},"start":{"column":2,"line":46}},"35":{"end":{"column":28,"line":47},"start":{"column":2,"line":47}},"36":{"end":{"column":43,"line":48},"start":{"column":2,"line":48}},"37":{"end":{"column":54,"line":49},"start":{"column":2,"line":49}},"38":{"end":{"column":39,"line":50},"start":{"column":2,"line":50}},"39":{"end":{"column":33,"line":51},"start":{"column":2,"line":51}},"40":{"end":{"column":35,"line":53},"start":{"column":2,"line":53}},"41":{"end":{"column":34,"line":55},"start":{"column":2,"line":55}},"42":{"end":{"column":32,"line":56},"start":{"column":2,"line":56}},"43":{"end":{"column":25,"line":57},"start":{"column":2,"line":57}},"44":{"end":{"column":26,"line":58},"start":{"column":2,"line":58}},"45":{"end":{"column":26,"line":59},"start":{"column":2,"line":59}},"46":{"end":{"column":14,"line":61},"start":{"column":2,"line":61}}}},"E:\\GitHub\\Dable\\src\\buildPager.js":{"b":{"1":[0,0],"2":[98,4],"3":[27,75],"4":[0,0],"5":[0,102],"6":[0,102],"7":[0,0],"8":[0,0],"9":[0,0],"10":[0,0],"11":[0,102]},"branchMap":{"1":{"line":14,"locations":[{"end":{"column":2,"line":14},"start":{"column":2,"line":14}},{"end":{"column":2,"line":14},"start":{"column":2,"line":14}}],"type":"if"},"2":{"line":31,"locations":[{"end":{"column":2,"line":31},"start":{"column":2,"line":31}},{"end":{"column":2,"line":31},"start":{"column":2,"line":31}}],"type":"if"},"3":{"line":48,"locations":[{"end":{"column":2,"line":48},"start":{"column":2,"line":48}},{"end":{"column":2,"line":48},"start":{"column":2,"line":48}}],"type":"if"},"4":{"line":65,"locations":[{"end":{"column":2,"line":65},"start":{"column":2,"line":65}},{"end":{"column":2,"line":65},"start":{"column":2,"line":65}}],"type":"if"},"5":{"line":77,"locations":[{"end":{"column":2,"line":77},"start":{"column":2,"line":77}},{"end":{"column":2,"line":77},"start":{"column":2,"line":77}}],"type":"if"},"6":{"line":83,"locations":[{"end":{"column":2,"line":83},"start":{"column":2,"line":83}},{"end":{"column":2,"line":83},"start":{"column":2,"line":83}}],"type":"if"},"7":{"line":86,"locations":[{"end":{"column":4,"line":86},"start":{"column":4,"line":86}},{"end":{"column":4,"line":86},"start":{"column":4,"line":86}}],"type":"if"},"8":{"line":90,"locations":[{"end":{"column":6,"line":90},"start":{"column":6,"line":90}},{"end":{"column":6,"line":90},"start":{"column":6,"line":90}}],"type":"if"},"9":{"line":93,"locations":[{"end":{"column":11,"line":93},"start":{"column":11,"line":93}},{"end":{"column":11,"line":93},"start":{"column":11,"line":93}}],"type":"if"},"10":{"line":105,"locations":[{"end":{"column":6,"line":105},"start":{"column":6,"line":105}},{"end":{"column":6,"line":105},"start":{"column":6,"line":105}}],"type":"if"},"11":{"line":117,"locations":[{"end":{"column":2,"line":117},"start":{"column":2,"line":117}},{"end":{"column":2,"line":117},"start":{"column":2,"line":117}}],"type":"if"}},"f":{"1":0,"2":102,"3":102,"4":0,"5":102},"fnMap":{"1":{"line":7,"loc":{"end":{"column":25,"line":7},"start":{"column":0,"line":7}},"name":"makePageFirst"},"2":{"line":24,"loc":{"end":{"column":24,"line":24},"start":{"column":0,"line":24}},"name":"makePageLeft"},"3":{"line":41,"loc":{"end":{"column":25,"line":41},"start":{"column":0,"line":41}},"name":"makePageRight"},"4":{"line":58,"loc":{"end":{"column":24,"line":58},"start":{"column":0,"line":58}},"name":"makePageLast"},"5":{"line":75,"loc":{"end":{"column":26,"line":75},"start":{"column":15,"line":75}},"name":"(anonymous_5)"}},"path":"E:\\GitHub\\Dable\\src\\buildPager.js","s":{"1":1,"2":1,"3":1,"4":1,"5":0,"6":0,"7":0,"8":0,"9":0,"10":0,"11":0,"12":0,"13":0,"14":0,"15":0,"16":1,"17":102,"18":102,"19":102,"20":102,"21":102,"22":102,"23":98,"24":98,"25":4,"26":102,"27":102,"28":1,"29":102,"30":102,"31":102,"32":102,"33":102,"34":102,"35":27,"36":27,"37":75,"38":102,"39":102,"40":1,"41":0,"42":0,"43":0,"44":0,"45":0,"46":0,"47":0,"48":0,"49":0,"50":0,"51":0,"52":1,"53":102,"54":102,"55":0,"56":102,"57":102,"58":0,"59":0,"60":0,"61":0,"62":0,"63":0,"64":0,"65":0,"66":0,"67":0,"68":0,"69":0,"70":0,"71":0,"72":0,"73":0,"74":0,"75":0,"76":0,"77":0,"78":0,"79":102,"80":102,"81":0,"82":102},"statementMap":{"1":{"end":{"column":38,"line":3},"start":{"column":0,"line":3}},"2":{"end":{"column":38,"line":4},"start":{"column":0,"line":4}},"3":{"end":{"column":41,"line":5},"start":{"column":0,"line":5}},"4":{"end":{"column":1,"line":22},"start":{"column":0,"line":7}},"5":{"end":{"column":38,"line":9},"start":{"column":2,"line":9}},"6":{"end":{"column":48,"line":10},"start":{"column":2,"line":10}},"7":{"end":{"column":38,"line":11},"start":{"column":2,"line":11}},"8":{"end":{"column":58,"line":12},"start":{"column":2,"line":12}},"9":{"end":{"column":41,"line":13},"start":{"column":2,"line":13}},"10":{"end":{"column":3,"line":19},"start":{"column":2,"line":14}},"11":{"end":{"column":51,"line":15},"start":{"column":4,"line":15}},"12":{"end":{"column":29,"line":16},"start":{"column":4,"line":16}},"13":{"end":{"column":51,"line":18},"start":{"column":4,"line":18}},"14":{"end":{"column":41,"line":20},"start":{"column":2,"line":20}},"15":{"end":{"column":19,"line":21},"start":{"column":2,"line":21}},"16":{"end":{"column":1,"line":39},"start":{"column":0,"line":24}},"17":{"end":{"column":37,"line":26},"start":{"column":2,"line":26}},"18":{"end":{"column":47,"line":27},"start":{"column":2,"line":27}},"19":{"end":{"column":36,"line":28},"start":{"column":2,"line":28}},"20":{"end":{"column":57,"line":29},"start":{"column":2,"line":29}},"21":{"end":{"column":39,"line":30},"start":{"column":2,"line":30}},"22":{"end":{"column":3,"line":36},"start":{"column":2,"line":31}},"23":{"end":{"column":50,"line":32},"start":{"column":4,"line":32}},"24":{"end":{"column":28,"line":33},"start":{"column":4,"line":33}},"25":{"end":{"column":53,"line":35},"start":{"column":4,"line":35}},"26":{"end":{"column":39,"line":37},"start":{"column":2,"line":37}},"27":{"end":{"column":18,"line":38},"start":{"column":2,"line":38}},"28":{"end":{"column":1,"line":56},"start":{"column":0,"line":41}},"29":{"end":{"column":38,"line":43},"start":{"column":2,"line":43}},"30":{"end":{"column":48,"line":44},"start":{"column":2,"line":44}},"31":{"end":{"column":37,"line":45},"start":{"column":2,"line":45}},"32":{"end":{"column":58,"line":46},"start":{"column":2,"line":46}},"33":{"end":{"column":40,"line":47},"start":{"column":2,"line":47}},"34":{"end":{"column":3,"line":53},"start":{"column":2,"line":48}},"35":{"end":{"column":51,"line":49},"start":{"column":4,"line":49}},"36":{"end":{"column":29,"line":50},"start":{"column":4,"line":50}},"37":{"end":{"column":50,"line":52},"start":{"column":4,"line":52}},"38":{"end":{"column":41,"line":54},"start":{"column":2,"line":54}},"39":{"end":{"column":19,"line":55},"start":{"column":2,"line":55}},"40":{"end":{"column":1,"line":73},"start":{"column":0,"line":58}},"41":{"end":{"column":37,"line":60},"start":{"column":2,"line":60}},"42":{"end":{"column":47,"line":61},"start":{"column":2,"line":61}},"43":{"end":{"column":36,"line":62},"start":{"column":2,"line":62}},"44":{"end":{"column":57,"line":63},"start":{"column":2,"line":63}},"45":{"end":{"column":39,"line":64},"start":{"column":2,"line":64}},"46":{"end":{"column":3,"line":70},"start":{"column":2,"line":65}},"47":{"end":{"column":50,"line":66},"start":{"column":4,"line":66}},"48":{"end":{"column":28,"line":67},"start":{"column":4,"line":67}},"49":{"end":{"column":49,"line":69},"start":{"column":4,"line":69}},"50":{"end":{"column":39,"line":71},"start":{"column":2,"line":71}},"51":{"end":{"column":18,"line":72},"start":{"column":2,"line":72}},"52":{"end":{"column":1,"line":122},"start":{"column":15,"line":75}},"53":{"end":{"column":34,"line":76},"start":{"column":2,"line":76}},"54":{"end":{"column":3,"line":79},"start":{"column":2,"line":77}},"55":{"end":{"column":48,"line":78},"start":{"column":4,"line":78}},"56":{"end":{"column":45,"line":81},"start":{"column":2,"line":81}},"57":{"end":{"column":3,"line":113},"start":{"column":2,"line":83}},"58":{"end":{"column":67,"line":84},"start":{"column":4,"line":84}},"59":{"end":{"column":40,"line":85},"start":{"column":4,"line":85}},"60":{"end":{"column":5,"line":97},"start":{"column":4,"line":86}},"61":{"end":{"column":30,"line":88},"start":{"column":6,"line":88}},"62":{"end":{"column":16,"line":89},"start":{"column":6,"line":89}},"63":{"end":{"column":7,"line":92},"start":{"column":6,"line":90}},"64":{"end":{"column":38,"line":91},"start":{"column":8,"line":91}},"65":{"end":{"column":5,"line":97},"start":{"column":11,"line":93}},"66":{"end":{"column":36,"line":95},"start":{"column":6,"line":95}},"67":{"end":{"column":52,"line":96},"start":{"column":6,"line":96}},"68":{"end":{"column":5,"line":112},"start":{"column":4,"line":99}},"69":{"end":{"column":39,"line":100},"start":{"column":6,"line":100}},"70":{"end":{"column":49,"line":101},"start":{"column":6,"line":101}},"71":{"end":{"column":50,"line":102},"start":{"column":6,"line":102}},"72":{"end":{"column":52,"line":103},"start":{"column":6,"line":103}},"73":{"end":{"column":59,"line":104},"start":{"column":6,"line":104}},"74":{"end":{"column":7,"line":108},"start":{"column":6,"line":105}},"75":{"end":{"column":52,"line":106},"start":{"column":8,"line":106}},"76":{"end":{"column":30,"line":107},"start":{"column":8,"line":107}},"77":{"end":{"column":39,"line":110},"start":{"column":6,"line":110}},"78":{"end":{"column":32,"line":111},"start":{"column":6,"line":111}},"79":{"end":{"column":46,"line":115},"start":{"column":2,"line":115}},"80":{"end":{"column":3,"line":119},"start":{"column":2,"line":117}},"81":{"end":{"column":47,"line":118},"start":{"column":4,"line":118}},"82":{"end":{"column":15,"line":121},"start":{"column":2,"line":121}}}},"E:\\GitHub\\Dable\\src\\buildTable.js":{"b":{"1":[0,25],"2":[97,1],"3":[0,25]},"branchMap":{"1":{"line":4,"locations":[{"end":{"column":2,"line":4},"start":{"column":2,"line":4}},{"end":{"column":2,"line":4},"start":{"column":2,"line":4}}],"type":"if"},"2":{"line":23,"locations":[{"end":{"column":4,"line":23},"start":{"column":4,"line":23}},{"end":{"column":4,"line":23},"start":{"column":4,"line":23}}],"type":"if"},"3":{"line":45,"locations":[{"end":{"column":2,"line":45},"start":{"column":2,"line":45}},{"end":{"column":2,"line":45},"start":{"column":2,"line":45}}],"type":"if"}},"f":{"1":25},"fnMap":{"1":{"line":3,"loc":{"end":{"column":34,"line":3},"start":{"column":15,"line":3}},"name":"(anonymous_1)"}},"path":"E:\\GitHub\\Dable\\src\\buildTable.js","s":{"1":1,"2":25,"3":0,"4":25,"5":25,"6":25,"7":25,"8":25,"9":25,"10":25,"11":25,"12":98,"13":98,"14":98,"15":98,"16":98,"17":97,"18":97,"19":97,"20":97,"21":97,"22":98,"23":98,"24":98,"25":98,"26":25,"27":25,"28":25,"29":25,"30":25,"31":25,"32":25,"33":25,"34":0,"35":0,"36":0,"37":25},"statementMap":{"1":{"end":{"column":1,"line":52},"start":{"column":15,"line":3}},"2":{"end":{"column":3,"line":6},"start":{"column":2,"line":4}},"3":{"end":{"column":17,"line":5},"start":{"column":4,"line":5}},"4":{"end":{"column":46,"line":9},"start":{"column":2,"line":9}},"5":{"end":{"column":45,"line":10},"start":{"column":2,"line":10}},"6":{"end":{"column":46,"line":11},"start":{"column":2,"line":11}},"7":{"end":{"column":45,"line":12},"start":{"column":2,"line":12}},"8":{"end":{"column":41,"line":13},"start":{"column":2,"line":13}},"9":{"end":{"column":44,"line":14},"start":{"column":2,"line":14}},"10":{"end":{"column":37,"line":16},"start":{"column":2,"line":16}},"11":{"end":{"column":3,"line":36},"start":{"column":2,"line":17}},"12":{"end":{"column":45,"line":18},"start":{"column":4,"line":18}},"13":{"end":{"column":41,"line":19},"start":{"column":4,"line":19}},"14":{"end":{"column":63,"line":20},"start":{"column":4,"line":20}},"15":{"end":{"column":35,"line":21},"start":{"column":4,"line":21}},"16":{"end":{"column":5,"line":29},"start":{"column":4,"line":23}},"17":{"end":{"column":43,"line":24},"start":{"column":6,"line":24}},"18":{"end":{"column":53,"line":25},"start":{"column":6,"line":25}},"19":{"end":{"column":31,"line":26},"start":{"column":6,"line":26}},"20":{"end":{"column":37,"line":27},"start":{"column":6,"line":27}},"21":{"end":{"column":38,"line":28},"start":{"column":6,"line":28}},"22":{"end":{"column":38,"line":31},"start":{"column":4,"line":31}},"23":{"end":{"column":32,"line":32},"start":{"column":4,"line":32}},"24":{"end":{"column":62,"line":34},"start":{"column":4,"line":34}},"25":{"end":{"column":34,"line":35},"start":{"column":4,"line":35}},"26":{"end":{"column":28,"line":37},"start":{"column":2,"line":37}},"27":{"end":{"column":26,"line":38},"start":{"column":2,"line":38}},"28":{"end":{"column":40,"line":40},"start":{"column":2,"line":40}},"29":{"end":{"column":52,"line":41},"start":{"column":2,"line":41}},"30":{"end":{"column":40,"line":42},"start":{"column":2,"line":42}},"31":{"end":{"column":30,"line":43},"start":{"column":2,"line":43}},"32":{"end":{"column":26,"line":44},"start":{"column":2,"line":44}},"33":{"end":{"column":3,"line":49},"start":{"column":2,"line":45}},"34":{"end":{"column":47,"line":46},"start":{"column":4,"line":46}},"35":{"end":{"column":36,"line":47},"start":{"column":4,"line":47}},"36":{"end":{"column":28,"line":48},"start":{"column":4,"line":48}},"37":{"end":{"column":15,"line":51},"start":{"column":2,"line":51}}}},"E:\\GitHub\\Dable\\src\\checkForTable.js":{"b":{"1":[26,18],"2":[9,17],"3":[26,9],"4":[8,1],"5":[1,16],"6":[17,17,1],"7":[1,0],"8":[21,5],"9":[26,26,26],"10":[21,0],"11":[1,20]},"branchMap":{"1":{"line":2,"locations":[{"end":{"column":2,"line":2},"start":{"column":2,"line":2}},{"end":{"column":2,"line":2},"start":{"column":2,"line":2}}],"type":"if"},"2":{"line":3,"locations":[{"end":{"column":4,"line":3},"start":{"column":4,"line":3}},{"end":{"column":4,"line":3},"start":{"column":4,"line":3}}],"type":"if"},"3":{"line":3,"locations":[{"end":{"column":22,"line":3},"start":{"column":8,"line":3}},{"end":{"column":63,"line":3},"start":{"column":26,"line":3}}],"type":"binary-expr"},"4":{"line":4,"locations":[{"end":{"column":6,"line":4},"start":{"column":6,"line":4}},{"end":{"column":6,"line":4},"start":{"column":6,"line":4}}],"type":"if"},"5":{"line":10,"locations":[{"end":{"column":11,"line":10},"start":{"column":11,"line":10}},{"end":{"column":11,"line":10},"start":{"column":11,"line":10}}],"type":"if"},"6":{"line":10,"locations":[{"end":{"column":28,"line":10},"start":{"column":15,"line":10}},{"end":{"column":55,"line":10},"start":{"column":32,"line":10}},{"end":{"column":76,"line":10},"start":{"column":59,"line":10}}],"type":"binary-expr"},"7":{"line":12,"locations":[{"end":{"column":6,"line":12},"start":{"column":6,"line":12}},{"end":{"column":6,"line":12},"start":{"column":6,"line":12}}],"type":"if"},"8":{"line":23,"locations":[{"end":{"column":4,"line":23},"start":{"column":4,"line":23}},{"end":{"column":4,"line":23},"start":{"column":4,"line":23}}],"type":"if"},"9":{"line":23,"locations":[{"end":{"column":16,"line":23},"start":{"column":8,"line":23}},{"end":{"column":29,"line":23},"start":{"column":20,"line":23}},{"end":{"column":53,"line":23},"start":{"column":33,"line":23}}],"type":"binary-expr"},"10":{"line":25,"locations":[{"end":{"column":6,"line":25},"start":{"column":6,"line":25}},{"end":{"column":6,"line":25},"start":{"column":6,"line":25}}],"type":"if"},"11":{"line":26,"locations":[{"end":{"column":8,"line":26},"start":{"column":8,"line":26}},{"end":{"column":8,"line":26},"start":{"column":8,"line":26}}],"type":"if"}},"f":{"1":44},"fnMap":{"1":{"line":1,"loc":{"end":{"column":31,"line":1},"start":{"column":15,"line":1}},"name":"(anonymous_1)"}},"path":"E:\\GitHub\\Dable\\src\\checkForTable.js","s":{"1":1,"2":44,"3":26,"4":9,"5":8,"6":1,"7":1,"8":17,"9":1,"10":1,"11":0,"12":0,"13":16,"14":26,"15":26,"16":21,"17":21,"18":21,"19":1,"20":21,"21":21,"22":5,"23":18},"statementMap":{"1":{"end":{"column":1,"line":38},"start":{"column":15,"line":1}},"2":{"end":{"column":3,"line":36},"start":{"column":2,"line":2}},"3":{"end":{"column":5,"line":20},"start":{"column":4,"line":3}},"4":{"end":{"column":7,"line":9},"start":{"column":6,"line":4}},"5":{"end":{"column":43,"line":5},"start":{"column":8,"line":5}},"6":{"end":{"column":27,"line":7},"start":{"column":8,"line":7}},"7":{"end":{"column":43,"line":8},"start":{"column":8,"line":8}},"8":{"end":{"column":5,"line":20},"start":{"column":11,"line":10}},"9":{"end":{"column":7,"line":17},"start":{"column":6,"line":12}},"10":{"end":{"column":46,"line":13},"start":{"column":8,"line":13}},"11":{"end":{"column":27,"line":15},"start":{"column":8,"line":15}},"12":{"end":{"column":46,"line":16},"start":{"column":8,"line":16}},"13":{"end":{"column":33,"line":19},"start":{"column":6,"line":19}},"14":{"end":{"column":52,"line":22},"start":{"column":4,"line":22}},"15":{"end":{"column":5,"line":34},"start":{"column":4,"line":23}},"16":{"end":{"column":50,"line":24},"start":{"column":6,"line":24}},"17":{"end":{"column":7,"line":33},"start":{"column":6,"line":25}},"18":{"end":{"column":9,"line":28},"start":{"column":8,"line":26}},"19":{"end":{"column":59,"line":27},"start":{"column":10,"line":27}},"20":{"end":{"column":57,"line":30},"start":{"column":8,"line":30}},"21":{"end":{"column":24,"line":32},"start":{"column":8,"line":32}},"22":{"end":{"column":19,"line":35},"start":{"column":4,"line":35}},"23":{"end":{"column":15,"line":37},"start":{"column":2,"line":37}}}},"E:\\GitHub\\Dable\\src\\dable.js":{"b":{"1":[0,1],"2":[1,1]},"branchMap":{"1":{"line":34,"locations":[{"end":{"column":0,"line":34},"start":{"column":0,"line":34}},{"end":{"column":0,"line":34},"start":{"column":0,"line":34}}],"type":"if"},"2":{"line":34,"locations":[{"end":{"column":34,"line":34},"start":{"column":4,"line":34}},{"end":{"column":74,"line":34},"start":{"column":38,"line":34}}],"type":"binary-expr"}},"f":{"1":0,"2":30,"3":75,"4":344,"5":102,"6":0,"7":24,"8":7,"9":0,"10":1,"11":2},"fnMap":{"1":{"line":36,"loc":{"end":{"column":31,"line":36},"start":{"column":20,"line":36}},"name":"(anonymous_1)"},"2":{"line":39,"loc":{"end":{"column":41,"line":39},"start":{"column":15,"line":39}},"name":"Dable"},"3":{"line":46,"loc":{"end":{"column":38,"line":46},"start":{"column":27,"line":46}},"name":"(anonymous_3)"},"4":{"line":50,"loc":{"end":{"column":45,"line":50},"start":{"column":34,"line":50}},"name":"(anonymous_4)"},"5":{"line":54,"loc":{"end":{"column":43,"line":54},"start":{"column":32,"line":54}},"name":"(anonymous_5)"},"6":{"line":59,"loc":{"end":{"column":46,"line":59},"start":{"column":32,"line":59}},"name":"(anonymous_6)"},"7":{"line":81,"loc":{"end":{"column":55,"line":81},"start":{"column":40,"line":81}},"name":"(anonymous_7)"},"8":{"line":89,"loc":{"end":{"column":58,"line":89},"start":{"column":40,"line":89}},"name":"(anonymous_8)"},"9":{"line":133,"loc":{"end":{"column":39,"line":133},"start":{"column":28,"line":133}},"name":"(anonymous_9)"},"10":{"line":138,"loc":{"end":{"column":42,"line":138},"start":{"column":31,"line":138}},"name":"(anonymous_10)"},"11":{"line":143,"loc":{"end":{"column":38,"line":143},"start":{"column":27,"line":143}},"name":"(anonymous_11)"}},"path":"E:\\GitHub\\Dable\\src\\dable.js","s":{"1":1,"2":0,"3":1,"4":30,"5":30,"6":1,"7":1,"8":75,"9":1,"10":344,"11":1,"12":102,"13":102,"14":1,"15":0,"16":1,"17":1,"18":1,"19":1,"20":1,"21":1,"22":1,"23":1,"24":1,"25":1,"26":24,"27":24,"28":414,"29":24,"30":1,"31":7,"32":7,"33":92,"34":7,"35":1,"36":1,"37":1,"38":1,"39":1,"40":1,"41":1,"42":1,"43":1,"44":1,"45":1,"46":1,"47":1,"48":1,"49":1,"50":1,"51":1,"52":1,"53":1,"54":0,"55":0,"56":1,"57":1,"58":1,"59":1,"60":2,"61":2,"62":1},"statementMap":{"1":{"end":{"column":1,"line":37},"start":{"column":0,"line":34}},"2":{"end":{"column":35,"line":36},"start":{"column":2,"line":36}},"3":{"end":{"column":1,"line":42},"start":{"column":15,"line":39}},"4":{"end":{"column":30,"line":40},"start":{"column":2,"line":40}},"5":{"end":{"column":27,"line":41},"start":{"column":2,"line":41}},"6":{"end":{"column":26,"line":44},"start":{"column":0,"line":44}},"7":{"end":{"column":2,"line":48},"start":{"column":0,"line":46}},"8":{"end":{"column":26,"line":47},"start":{"column":2,"line":47}},"9":{"end":{"column":2,"line":52},"start":{"column":0,"line":50}},"10":{"end":{"column":33,"line":51},"start":{"column":2,"line":51}},"11":{"end":{"column":2,"line":57},"start":{"column":0,"line":54}},"12":{"end":{"column":49,"line":55},"start":{"column":2,"line":55}},"13":{"end":{"column":22,"line":56},"start":{"column":2,"line":56}},"14":{"end":{"column":2,"line":61},"start":{"column":0,"line":59}},"15":{"end":{"column":40,"line":60},"start":{"column":2,"line":60}},"16":{"end":{"column":44,"line":63},"start":{"column":0,"line":63}},"17":{"end":{"column":42,"line":65},"start":{"column":0,"line":65}},"18":{"end":{"column":40,"line":67},"start":{"column":0,"line":67}},"19":{"end":{"column":36,"line":69},"start":{"column":0,"line":69}},"20":{"end":{"column":36,"line":71},"start":{"column":0,"line":71}},"21":{"end":{"column":34,"line":73},"start":{"column":0,"line":73}},"22":{"end":{"column":48,"line":75},"start":{"column":0,"line":75}},"23":{"end":{"column":38,"line":77},"start":{"column":0,"line":77}},"24":{"end":{"column":32,"line":79},"start":{"column":0,"line":79}},"25":{"end":{"column":2,"line":87},"start":{"column":0,"line":81}},"26":{"end":{"column":22,"line":82},"start":{"column":2,"line":82}},"27":{"end":{"column":3,"line":85},"start":{"column":2,"line":83}},"28":{"end":{"column":50,"line":84},"start":{"column":4,"line":84}},"29":{"end":{"column":20,"line":86},"start":{"column":2,"line":86}},"30":{"end":{"column":2,"line":95},"start":{"column":0,"line":89}},"31":{"end":{"column":16,"line":90},"start":{"column":2,"line":90}},"32":{"end":{"column":3,"line":93},"start":{"column":2,"line":91}},"33":{"end":{"column":30,"line":92},"start":{"column":4,"line":92}},"34":{"end":{"column":14,"line":94},"start":{"column":2,"line":94}},"35":{"end":{"column":52,"line":97},"start":{"column":0,"line":97}},"36":{"end":{"column":46,"line":99},"start":{"column":0,"line":99}},"37":{"end":{"column":58,"line":101},"start":{"column":0,"line":101}},"38":{"end":{"column":44,"line":103},"start":{"column":0,"line":103}},"39":{"end":{"column":42,"line":105},"start":{"column":0,"line":105}},"40":{"end":{"column":44,"line":107},"start":{"column":0,"line":107}},"41":{"end":{"column":50,"line":109},"start":{"column":0,"line":109}},"42":{"end":{"column":58,"line":111},"start":{"column":0,"line":111}},"43":{"end":{"column":60,"line":113},"start":{"column":0,"line":113}},"44":{"end":{"column":46,"line":115},"start":{"column":0,"line":115}},"45":{"end":{"column":62,"line":117},"start":{"column":0,"line":117}},"46":{"end":{"column":32,"line":119},"start":{"column":0,"line":119}},"47":{"end":{"column":36,"line":121},"start":{"column":0,"line":121}},"48":{"end":{"column":42,"line":123},"start":{"column":0,"line":123}},"49":{"end":{"column":40,"line":125},"start":{"column":0,"line":125}},"50":{"end":{"column":42,"line":127},"start":{"column":0,"line":127}},"51":{"end":{"column":40,"line":129},"start":{"column":0,"line":129}},"52":{"end":{"column":36,"line":131},"start":{"column":0,"line":131}},"53":{"end":{"column":2,"line":136},"start":{"column":0,"line":133}},"54":{"end":{"column":22,"line":134},"start":{"column":2,"line":134}},"55":{"end":{"column":33,"line":135},"start":{"column":2,"line":135}},"56":{"end":{"column":2,"line":141},"start":{"column":0,"line":138}},"57":{"end":{"column":23,"line":139},"start":{"column":2,"line":139}},"58":{"end":{"column":33,"line":140},"start":{"column":2,"line":140}},"59":{"end":{"column":2,"line":146},"start":{"column":0,"line":143}},"60":{"end":{"column":23,"line":144},"start":{"column":2,"line":144}},"61":{"end":{"column":33,"line":145},"start":{"column":2,"line":145}},"62":{"end":{"column":36,"line":148},"start":{"column":0,"line":148}}}},"E:\\GitHub\\Dable\\src\\defaults.js":{"b":{},"branchMap":{},"f":{},"fnMap":{},"path":"E:\\GitHub\\Dable\\src\\defaults.js","s":{},"statementMap":{}},"E:\\GitHub\\Dable\\src\\deleteRow.js":{"b":{"1":[0,0],"2":[0,0]},"branchMap":{"1":{"line":5,"locations":[{"end":{"column":4,"line":5},"start":{"column":4,"line":5}},{"end":{"column":4,"line":5},"start":{"column":4,"line":5}}],"type":"if"},"2":{"line":13,"locations":[{"end":{"column":4,"line":13},"start":{"column":4,"line":13}},{"end":{"column":4,"line":13},"start":{"column":4,"line":13}}],"type":"if"}},"f":{"1":0},"fnMap":{"1":{"line":3,"loc":{"end":{"column":35,"line":3},"start":{"column":15,"line":3}},"name":"(anonymous_1)"}},"path":"E:\\GitHub\\Dable\\src\\deleteRow.js","s":{"1":1,"2":0,"3":0,"4":0,"5":0,"6":0,"7":0,"8":0,"9":0,"10":0,"11":0},"statementMap":{"1":{"end":{"column":1,"line":20},"start":{"column":15,"line":3}},"2":{"end":{"column":3,"line":10},"start":{"column":2,"line":4}},"3":{"end":{"column":5,"line":9},"start":{"column":4,"line":5}},"4":{"end":{"column":35,"line":6},"start":{"column":6,"line":6}},"5":{"end":{"column":62,"line":7},"start":{"column":6,"line":7}},"6":{"end":{"column":12,"line":8},"start":{"column":6,"line":8}},"7":{"end":{"column":3,"line":17},"start":{"column":2,"line":12}},"8":{"end":{"column":5,"line":16},"start":{"column":4,"line":13}},"9":{"end":{"column":42,"line":14},"start":{"column":6,"line":14}},"10":{"end":{"column":76,"line":15},"start":{"column":6,"line":15}},"11":{"end":{"column":66,"line":19},"start":{"column":2,"line":19}}}},"E:\\GitHub\\Dable\\src\\exists.js":{"b":{"1":[3,6],"2":[2,4],"3":[6,6,2],"4":[2,2],"5":[4,4,4,2],"6":[2,0],"7":[4,5]},"branchMap":{"1":{"line":5,"locations":[{"end":{"column":2,"line":5},"start":{"column":2,"line":5}},{"end":{"column":2,"line":5},"start":{"column":2,"line":5}}],"type":"if"},"2":{"line":7,"locations":[{"end":{"column":9,"line":7},"start":{"column":9,"line":7}},{"end":{"column":9,"line":7},"start":{"column":9,"line":7}}],"type":"if"},"3":{"line":7,"locations":[{"end":{"column":21,"line":7},"start":{"column":13,"line":7}},{"end":{"column":42,"line":7},"start":{"column":25,"line":7}},{"end":{"column":46,"line":8},"start":{"column":6,"line":8}}],"type":"binary-expr"},"4":{"line":10,"locations":[{"end":{"column":9,"line":10},"start":{"column":9,"line":10}},{"end":{"column":9,"line":10},"start":{"column":9,"line":10}}],"type":"if"},"5":{"line":10,"locations":[{"end":{"column":21,"line":10},"start":{"column":13,"line":10}},{"end":{"column":38,"line":10},"start":{"column":25,"line":10}},{"end":{"column":32,"line":11},"start":{"column":6,"line":11}},{"end":{"column":56,"line":11},"start":{"column":36,"line":11}}],"type":"binary-expr"},"6":{"line":13,"locations":[{"end":{"column":9,"line":13},"start":{"column":9,"line":13}},{"end":{"column":9,"line":13},"start":{"column":9,"line":13}}],"type":"if"},"7":{"line":19,"locations":[{"end":{"column":2,"line":19},"start":{"column":2,"line":19}},{"end":{"column":2,"line":19},"start":{"column":2,"line":19}}],"type":"if"}},"f":{"1":9},"fnMap":{"1":{"line":1,"loc":{"end":{"column":34,"line":1},"start":{"column":15,"line":1}},"name":"(anonymous_1)"}},"path":"E:\\GitHub\\Dable\\src\\exists.js","s":{"1":1,"2":9,"3":9,"4":9,"5":3,"6":6,"7":2,"8":4,"9":2,"10":2,"11":2,"12":9,"13":9,"14":9,"15":4,"16":9},"statementMap":{"1":{"end":{"column":1,"line":24},"start":{"column":15,"line":1}},"2":{"end":{"column":21,"line":2},"start":{"column":2,"line":2}},"3":{"end":{"column":19,"line":4},"start":{"column":2,"line":4}},"4":{"end":{"column":3,"line":15},"start":{"column":2,"line":5}},"5":{"end":{"column":22,"line":6},"start":{"column":4,"line":6}},"6":{"end":{"column":3,"line":15},"start":{"column":9,"line":7}},"7":{"end":{"column":26,"line":9},"start":{"column":4,"line":9}},"8":{"end":{"column":3,"line":15},"start":{"column":9,"line":10}},"9":{"end":{"column":29,"line":12},"start":{"column":4,"line":12}},"10":{"end":{"column":3,"line":15},"start":{"column":9,"line":13}},"11":{"end":{"column":23,"line":14},"start":{"column":4,"line":14}},"12":{"end":{"column":23,"line":17},"start":{"column":2,"line":17}},"13":{"end":{"column":55,"line":18},"start":{"column":2,"line":18}},"14":{"end":{"column":3,"line":21},"start":{"column":2,"line":19}},"15":{"end":{"column":18,"line":20},"start":{"column":4,"line":20}},"16":{"end":{"column":16,"line":23},"start":{"column":2,"line":23}}}},"E:\\GitHub\\Dable\\src\\filters.js":{"b":{"1":[0,0],"2":[0,74],"3":[4,70]},"branchMap":{"1":{"line":17,"locations":[{"end":{"column":6,"line":17},"start":{"column":6,"line":17}},{"end":{"column":6,"line":17},"start":{"column":6,"line":17}}],"type":"if"},"2":{"line":36,"locations":[{"end":{"column":6,"line":36},"start":{"column":6,"line":36}},{"end":{"column":6,"line":36},"start":{"column":6,"line":36}}],"type":"if"},"3":{"line":43,"locations":[{"end":{"column":6,"line":43},"start":{"column":6,"line":43}},{"end":{"column":6,"line":43},"start":{"column":6,"line":43}}],"type":"if"}},"f":{"1":80,"2":74},"fnMap":{"1":{"line":3,"loc":{"end":{"column":30,"line":3},"start":{"column":2,"line":3}},"name":"(anonymous_1)"},"2":{"line":25,"loc":{"end":{"column":30,"line":25},"start":{"column":2,"line":25}},"name":"(anonymous_2)"}},"path":"E:\\GitHub\\Dable\\src\\filters.js","s":{"1":80,"2":80,"3":80,"4":80,"5":80,"6":80,"7":0,"8":0,"9":0,"10":80,"11":0,"12":0,"13":80,"14":74,"15":74,"16":74,"17":74,"18":74,"19":0,"20":74,"21":74,"22":74,"23":0,"24":0,"25":74,"26":74,"27":4,"28":70},"statementMap":{"1":{"end":{"column":53,"line":4},"start":{"column":4,"line":4}},"2":{"end":{"column":43,"line":5},"start":{"column":4,"line":5}},"3":{"end":{"column":21,"line":6},"start":{"column":4,"line":6}},"4":{"end":{"column":31,"line":7},"start":{"column":4,"line":7}},"5":{"end":{"column":14,"line":8},"start":{"column":4,"line":8}},"6":{"end":{"column":5,"line":14},"start":{"column":4,"line":10}},"7":{"end":{"column":53,"line":11},"start":{"column":6,"line":11}},"8":{"end":{"column":27,"line":12},"start":{"column":6,"line":12}},"9":{"end":{"column":53,"line":13},"start":{"column":6,"line":13}},"10":{"end":{"column":5,"line":20},"start":{"column":4,"line":16}},"11":{"end":{"column":7,"line":19},"start":{"column":6,"line":17}},"12":{"end":{"column":20,"line":18},"start":{"column":8,"line":18}},"13":{"end":{"column":17,"line":21},"start":{"column":4,"line":21}},"14":{"end":{"column":53,"line":26},"start":{"column":4,"line":26}},"15":{"end":{"column":43,"line":27},"start":{"column":4,"line":27}},"16":{"end":{"column":31,"line":28},"start":{"column":4,"line":28}},"17":{"end":{"column":14,"line":29},"start":{"column":4,"line":29}},"18":{"end":{"column":5,"line":33},"start":{"column":4,"line":31}},"19":{"end":{"column":53,"line":32},"start":{"column":6,"line":32}},"20":{"end":{"column":42,"line":34},"start":{"column":4,"line":34}},"21":{"end":{"column":5,"line":40},"start":{"column":4,"line":35}},"22":{"end":{"column":7,"line":39},"start":{"column":6,"line":36}},"23":{"end":{"column":31,"line":37},"start":{"column":8,"line":37}},"24":{"end":{"column":15,"line":38},"start":{"column":8,"line":38}},"25":{"end":{"column":5,"line":46},"start":{"column":4,"line":42}},"26":{"end":{"column":7,"line":45},"start":{"column":6,"line":43}},"27":{"end":{"column":20,"line":44},"start":{"column":8,"line":44}},"28":{"end":{"column":17,"line":48},"start":{"column":4,"line":48}}}},"E:\\GitHub\\Dable\\src\\generateTableFromHtml.js":{"b":{"1":[0,21],"2":[0,21],"3":[1,20],"4":[0,20],"5":[0,20],"6":[20,20,0]},"branchMap":{"1":{"line":2,"locations":[{"end":{"column":2,"line":2},"start":{"column":2,"line":2}},{"end":{"column":2,"line":2},"start":{"column":2,"line":2}}],"type":"if"},"2":{"line":7,"locations":[{"end":{"column":2,"line":7},"start":{"column":2,"line":7}},{"end":{"column":2,"line":7},"start":{"column":2,"line":7}}],"type":"if"},"3":{"line":12,"locations":[{"end":{"column":2,"line":12},"start":{"column":2,"line":12}},{"end":{"column":2,"line":12},"start":{"column":2,"line":12}}],"type":"if"},"4":{"line":19,"locations":[{"end":{"column":2,"line":19},"start":{"column":2,"line":19}},{"end":{"column":2,"line":19},"start":{"column":2,"line":19}}],"type":"if"},"5":{"line":32,"locations":[{"end":{"column":2,"line":32},"start":{"column":2,"line":32}},{"end":{"column":2,"line":32},"start":{"column":2,"line":32}}],"type":"if"},"6":{"line":32,"locations":[{"end":{"column":25,"line":32},"start":{"column":6,"line":32}},{"end":{"column":62,"line":32},"start":{"column":29,"line":32}},{"end":{"column":39,"line":33},"start":{"column":6,"line":33}}],"type":"binary-expr"}},"f":{"1":21},"fnMap":{"1":{"line":1,"loc":{"end":{"column":35,"line":1},"start":{"column":15,"line":1}},"name":"(anonymous_1)"}},"path":"E:\\GitHub\\Dable\\src\\generateTableFromHtml.js","s":{"1":1,"2":21,"3":0,"4":0,"5":21,"6":0,"7":21,"8":21,"9":1,"10":1,"11":20,"12":20,"13":20,"14":0,"15":20,"16":20,"17":80,"18":20,"19":20,"20":20,"21":20,"22":0,"23":0,"24":20,"25":400,"26":400,"27":400,"28":1600,"29":20,"30":20,"31":20,"32":20},"statementMap":{"1":{"end":{"column":1,"line":52},"start":{"column":15,"line":1}},"2":{"end":{"column":3,"line":5},"start":{"column":2,"line":2}},"3":{"end":{"column":71,"line":3},"start":{"column":4,"line":3}},"4":{"end":{"column":17,"line":4},"start":{"column":4,"line":4}},"5":{"end":{"column":3,"line":9},"start":{"column":2,"line":7}},"6":{"end":{"column":54,"line":8},"start":{"column":4,"line":8}},"7":{"end":{"column":47,"line":11},"start":{"column":2,"line":11}},"8":{"end":{"column":3,"line":15},"start":{"column":2,"line":12}},"9":{"end":{"column":60,"line":13},"start":{"column":4,"line":13}},"10":{"end":{"column":17,"line":14},"start":{"column":4,"line":14}},"11":{"end":{"column":48,"line":17},"start":{"column":2,"line":17}},"12":{"end":{"column":47,"line":18},"start":{"column":2,"line":18}},"13":{"end":{"column":3,"line":21},"start":{"column":2,"line":19}},"14":{"end":{"column":37,"line":20},"start":{"column":4,"line":20}},"15":{"end":{"column":20,"line":23},"start":{"column":2,"line":23}},"16":{"end":{"column":3,"line":26},"start":{"column":2,"line":24}},"17":{"end":{"column":40,"line":25},"start":{"column":4,"line":25}},"18":{"end":{"column":32,"line":28},"start":{"column":2,"line":28}},"19":{"end":{"column":55,"line":30},"start":{"column":2,"line":30}},"20":{"end":{"column":19,"line":31},"start":{"column":2,"line":31}},"21":{"end":{"column":3,"line":36},"start":{"column":2,"line":32}},"22":{"end":{"column":58,"line":34},"start":{"column":4,"line":34}},"23":{"end":{"column":57,"line":35},"start":{"column":4,"line":35}},"24":{"end":{"column":3,"line":44},"start":{"column":2,"line":38}},"25":{"end":{"column":21,"line":39},"start":{"column":4,"line":39}},"26":{"end":{"column":40,"line":40},"start":{"column":4,"line":40}},"27":{"end":{"column":5,"line":43},"start":{"column":4,"line":41}},"28":{"end":{"column":45,"line":42},"start":{"column":6,"line":42}},"29":{"end":{"column":30,"line":46},"start":{"column":2,"line":46}},"30":{"end":{"column":42,"line":48},"start":{"column":2,"line":48}},"31":{"end":{"column":27,"line":49},"start":{"column":2,"line":49}},"32":{"end":{"column":22,"line":51},"start":{"column":2,"line":51}}}},"E:\\GitHub\\Dable\\src\\goToPage.js":{"b":{"1":[0,3],"2":[3,0,0],"3":[0,0],"4":[0,0],"5":[0,0]},"branchMap":{"1":{"line":5,"locations":[{"end":{"column":2,"line":5},"start":{"column":2,"line":5}},{"end":{"column":2,"line":5},"start":{"column":2,"line":5}}],"type":"if"},"2":{"line":5,"locations":[{"end":{"column":16,"line":5},"start":{"column":6,"line":5}},{"end":{"column":56,"line":6},"start":{"column":7,"line":6}},{"end":{"column":42,"line":8},"start":{"column":8,"line":7}}],"type":"binary-expr"},"3":{"line":11,"locations":[{"end":{"column":4,"line":11},"start":{"column":4,"line":11}},{"end":{"column":4,"line":11},"start":{"column":4,"line":11}}],"type":"if"},"4":{"line":11,"locations":[{"end":{"column":33,"line":11},"start":{"column":8,"line":11}},{"end":{"column":59,"line":12},"start":{"column":8,"line":12}}],"type":"binary-expr"},"5":{"line":18,"locations":[{"end":{"column":8,"line":18},"start":{"column":8,"line":18}},{"end":{"column":8,"line":18},"start":{"column":8,"line":18}}],"type":"if"}},"f":{"1":3,"2":0},"fnMap":{"1":{"line":3,"loc":{"end":{"column":30,"line":3},"start":{"column":15,"line":3}},"name":"(anonymous_1)"},"2":{"line":17,"loc":{"end":{"column":27,"line":17},"start":{"column":11,"line":17}},"name":"(anonymous_2)"}},"path":"E:\\GitHub\\Dable\\src\\goToPage.js","s":{"1":1,"2":3,"3":3,"4":0,"5":0,"6":0,"7":0,"8":0,"9":0,"10":0,"11":0,"12":0,"13":3,"14":3},"statementMap":{"1":{"end":{"column":1,"line":26},"start":{"column":15,"line":3}},"2":{"end":{"column":25,"line":4},"start":{"column":2,"line":4}},"3":{"end":{"column":3,"line":25},"start":{"column":2,"line":5}},"4":{"end":{"column":51,"line":9},"start":{"column":4,"line":9}},"5":{"end":{"column":25,"line":10},"start":{"column":4,"line":10}},"6":{"end":{"column":5,"line":14},"start":{"column":4,"line":11}},"7":{"end":{"column":24,"line":13},"start":{"column":6,"line":13}},"8":{"end":{"column":16,"line":21},"start":{"column":4,"line":16}},"9":{"end":{"column":33,"line":18},"start":{"column":8,"line":18}},"10":{"end":{"column":32,"line":18},"start":{"column":20,"line":18}},"11":{"end":{"column":77,"line":19},"start":{"column":8,"line":19}},"12":{"end":{"column":27,"line":20},"start":{"column":8,"line":20}},"13":{"end":{"column":73,"line":23},"start":{"column":4,"line":23}},"14":{"end":{"column":23,"line":24},"start":{"column":4,"line":24}}}},"E:\\GitHub\\Dable\\src\\lastPage.js":{"b":{"1":[0,0],"2":[0,0,0],"3":[0,0],"4":[0,0],"5":[0,0],"6":[0,0]},"branchMap":{"1":{"line":6,"locations":[{"end":{"column":2,"line":6},"start":{"column":2,"line":6}},{"end":{"column":2,"line":6},"start":{"column":2,"line":6}}],"type":"if"},"2"
[...]
{"column":2,"line":6},"start":{"column":2,"line":6}}],"type":"if"},"2":{"line":6,"locations":[{"end":{"column":20,"line":6},"start":{"column":6,"line":6}},{"end":{"column":39,"line":6},"start":{"column":24,"line":6}},{"end":{"column":58,"line":6},"start":{"column":43,"line":6}},{"end":{"column":23,"line":7},"start":{"column":6,"line":7}}],"type":"binary-expr"},"3":{"line":12,"locations":[{"end":{"column":6,"line":12},"start":{"column":6,"line":12}},{"end":{"column":6,"line":12},"start":{"column":6,"line":12}}],"type":"if"},"4":{"line":18,"locations":[{"end":{"column":4,"line":18},"start":{"column":4,"line":18}},{"end":{"column":4,"line":18},"start":{"column":4,"line":18}}],"type":"if"},"5":{"line":24,"locations":[{"end":{"column":4,"line":24},"start":{"column":4,"line":24}},{"end":{"column":4,"line":24},"start":{"column":4,"line":24}}],"type":"if"},"6":{"line":24,"locations":[{"end":{"column":33,"line":24},"start":{"column":8,"line":24}},{"end":{"column":59,"line":25},"start":{"column":8,"line":25}}],"type":"binary-expr"},"7":{"line":29,"locations":[{"end":{"column":4,"line":29},"start":{"column":4,"line":29}},{"end":{"column":4,"line":29},"start":{"column":4,"line":29}}],"type":"if"},"8":{"line":37,"locations":[{"end":{"column":4,"line":37},"start":{"column":4,"line":37}},{"end":{"column":4,"line":37},"start":{"column":4,"line":37}}],"type":"if"},"9":{"line":40,"locations":[{"end":{"column":10,"line":40},"start":{"column":10,"line":40}},{"end":{"column":10,"line":40},"start":{"column":10,"line":40}}],"type":"if"},"10":{"line":45,"locations":[{"end":{"column":11,"line":45},"start":{"column":11,"line":45}},{"end":{"column":11,"line":45},"start":{"column":11,"line":45}}],"type":"if"}},"f":{"1":7,"2":0},"fnMap":{"1":{"line":3,"loc":{"end":{"column":36,"line":3},"start":{"column":15,"line":3}},"name":"(anonymous_1)"},"2":{"line":39,"loc":{"end":{"column":37,"line":39},"start":{"column":21,"line":39}},"name":"(anonymous_2)"}},"path":"E:\\GitHub\\Dable\\src\\sortFunc.js","s":{"1":1,"2":7,"3":7,"4":7,"5":7,"6":7,"7":7,"8":14,"9":7,"10":7,"11":7,"12":0,"13":7,"14":7,"15":7,"16":6,"17":7,"18":6,"19":6,"20":1,"21":1,"22":7,"23":0,"24":0,"25":0,"26":0,"27":0,"28":0,"29":7,"30":1,"31":1,"32":1,"33":1,"34":6,"35":6,"36":6,"37":6},"statementMap":{"1":{"end":{"column":1,"line":59},"start":{"column":15,"line":3}},"2":{"end":{"column":31,"line":4},"start":{"column":2,"line":4}},"3":{"end":{"column":3,"line":58},"start":{"column":2,"line":6}},"4":{"end":{"column":66,"line":8},"start":{"column":4,"line":8}},"5":{"end":{"column":56,"line":9},"start":{"column":4,"line":9}},"6":{"end":{"column":25,"line":10},"start":{"column":4,"line":10}},"7":{"end":{"column":5,"line":16},"start":{"column":4,"line":11}},"8":{"end":{"column":7,"line":15},"start":{"column":6,"line":12}},"9":{"end":{"column":24,"line":13},"start":{"column":8,"line":13}},"10":{"end":{"column":14,"line":14},"start":{"column":8,"line":14}},"11":{"end":{"column":5,"line":20},"start":{"column":4,"line":18}},"12":{"end":{"column":19,"line":19},"start":{"column":6,"line":19}},"13":{"end":{"column":34,"line":22},"start":{"column":4,"line":22}},"14":{"end":{"column":23,"line":23},"start":{"column":4,"line":23}},"15":{"end":{"column":5,"line":27},"start":{"column":4,"line":24}},"16":{"end":{"column":20,"line":26},"start":{"column":6,"line":26}},"17":{"end":{"column":5,"line":35},"start":{"column":4,"line":29}},"18":{"end":{"column":29,"line":30},"start":{"column":6,"line":30}},"19":{"end":{"column":31,"line":31},"start":{"column":6,"line":31}},"20":{"end":{"column":30,"line":33},"start":{"column":6,"line":33}},"21":{"end":{"column":31,"line":34},"start":{"column":6,"line":34}},"22":{"end":{"column":5,"line":57},"start":{"column":4,"line":37}},"23":{"end":{"column":18,"line":44},"start":{"column":6,"line":38}},"24":{"end":{"column":35,"line":40},"start":{"column":10,"line":40}},"25":{"end":{"column":34,"line":40},"start":{"column":22,"line":40}},"26":{"end":{"column":80,"line":41},"start":{"column":10,"line":41}},"27":{"end":{"column":79,"line":42},"start":{"column":10,"line":42}},"28":{"end":{"column":29,"line":43},"start":{"column":10,"line":43}},"29":{"end":{"column":5,"line":57},"start":{"column":11,"line":45}},"30":{"end":{"column":69,"line":47},"start":{"column":6,"line":46}},"31":{"end":{"column":76,"line":48},"start":{"column":6,"line":48}},"32":{"end":{"column":75,"line":49},"start":{"column":6,"line":49}},"33":{"end":{"column":25,"line":50},"start":{"column":6,"line":50}},"34":{"end":{"column":63,"line":53},"start":{"column":6,"line":52}},"35":{"end":{"column":76,"line":54},"start":{"column":6,"line":54}},"36":{"end":{"column":75,"line":55},"start":{"column":6,"line":55}},"37":{"end":{"column":25,"line":56},"start":{"column":6,"line":56}}}},"E:\\GitHub\\Dable\\src\\updateDisplayedRows.js":{"b":{"1":[1,36],"2":[0,1],"3":[0,37],"4":[11,26],"5":[165,165],"6":[0,1316],"7":[12,25]},"branchMap":{"1":{"line":2,"locations":[{"end":{"column":2,"line":2},"start":{"column":2,"line":2}},{"end":{"column":2,"line":2},"start":{"column":2,"line":2}}],"type":"if"},"2":{"line":4,"locations":[{"end":{"column":4,"line":4},"start":{"column":4,"line":4}},{"end":{"column":4,"line":4},"start":{"column":4,"line":4}}],"type":"if"},"3":{"line":19,"locations":[{"end":{"column":2,"line":19},"start":{"column":2,"line":19}},{"end":{"column":2,"line":19},"start":{"column":2,"line":19}}],"type":"if"},"4":{"line":27,"locations":[{"end":{"column":2,"line":27},"start":{"column":2,"line":27}},{"end":{"column":2,"line":27},"start":{"column":2,"line":27}}],"type":"if"},"5":{"line":35,"locations":[{"end":{"column":4,"line":35},"start":{"column":4,"line":35}},{"end":{"column":4,"line":35},"start":{"column":4,"line":35}}],"type":"if"},"6":{"line":44,"locations":[{"end":{"column":6,"line":44},"start":{"column":6,"line":44}},{"end":{"column":6,"line":44},"start":{"column":6,"line":44}}],"type":"if"},"7":{"line":55,"locations":[{"end":{"column":2,"line":55},"start":{"column":2,"line":55}},{"end":{"column":2,"line":55},"start":{"column":2,"line":55}}],"type":"if"}},"f":{"1":37},"fnMap":{"1":{"line":1,"loc":{"end":{"column":30,"line":1},"start":{"column":15,"line":1}},"name":"(anonymous_1)"}},"path":"E:\\GitHub\\Dable\\src\\updateDisplayedRows.js","s":{"1":1,"2":37,"3":1,"4":1,"5":0,"6":37,"7":37,"8":0,"9":37,"10":37,"11":37,"12":37,"13":0,"14":0,"15":37,"16":37,"17":11,"18":37,"19":330,"20":330,"21":165,"22":165,"23":330,"24":1316,"25":1316,"26":1316,"27":0,"28":1316,"29":1316,"30":330,"31":37,"32":12,"33":37,"34":37,"35":37,"36":37},"statementMap":{"1":{"end":{"column":1,"line":64},"start":{"column":15,"line":1}},"2":{"end":{"column":3,"line":7},"start":{"column":2,"line":2}},"3":{"end":{"column":54,"line":3},"start":{"column":4,"line":3}},"4":{"end":{"column":5,"line":6},"start":{"column":4,"line":4}},"5":{"end":{"column":19,"line":5},"start":{"column":6,"line":5}},"6":{"end":{"column":39,"line":9},"start":{"column":2,"line":9}},"7":{"end":{"column":3,"line":12},"start":{"column":2,"line":10}},"8":{"end":{"column":46,"line":11},"start":{"column":4,"line":11}},"9":{"end":{"column":41,"line":15},"start":{"column":2,"line":15}},"10":{"end":{"column":42,"line":16},"start":{"column":2,"line":16}},"11":{"end":{"column":52,"line":18},"start":{"column":2,"line":18}},"12":{"end":{"column":3,"line":23},"start":{"column":2,"line":19}},"13":{"end":{"column":24,"line":21},"start":{"column":4,"line":21}},"14":{"end":{"column":20,"line":22},"start":{"column":4,"line":22}},"15":{"end":{"column":43,"line":26},"start":{"column":2,"line":26}},"16":{"end":{"column":3,"line":30},"start":{"column":2,"line":27}},"17":{"end":{"column":36,"line":29},"start":{"column":4,"line":29}},"18":{"end":{"column":3,"line":53},"start":{"column":2,"line":33}},"19":{"end":{"column":39,"line":34},"start":{"column":4,"line":34}},"20":{"end":{"column":5,"line":39},"start":{"column":4,"line":35}},"21":{"end":{"column":55,"line":36},"start":{"column":6,"line":36}},"22":{"end":{"column":54,"line":38},"start":{"column":6,"line":38}},"23":{"end":{"column":5,"line":50},"start":{"column":4,"line":41}},"24":{"end":{"column":43,"line":42},"start":{"column":6,"line":42}},"25":{"end":{"column":40,"line":43},"start":{"column":6,"line":43}},"26":{"end":{"column":7,"line":47},"start":{"column":6,"line":44}},"27":{"end":{"column":47,"line":46},"start":{"column":8,"line":45}},"28":{"end":{"column":32,"line":48},"start":{"column":6,"line":48}},"29":{"end":{"column":36,"line":49},"start":{"column":6,"line":49}},"30":{"end":{"column":34,"line":52},"start":{"column":4,"line":52}},"31":{"end":{"column":3,"line":57},"start":{"column":2,"line":55}},"32":{"end":{"column":52,"line":56},"start":{"column":4,"line":56}},"33":{"end":{"column":18,"line":59},"start":{"column":2,"line":59}},"34":{"end":{"column":60,"line":61},"start":{"column":2,"line":61}},"35":{"end":{"column":28,"line":62},"start":{"column":2,"line":62}},"36":{"end":{"column":14,"line":63},"start":{"column":2,"line":63}}}},"E:\\GitHub\\Dable\\src\\updateFooter.js":{"b":{"1":[25,37],"2":[9,28],"3":[37,0],"4":[0,37],"5":[0,37],"6":[1,36]},"branchMap":{"1":{"line":2,"locations":[{"end":{"column":2,"line":2},"start":{"column":2,"line":2}},{"end":{"column":2,"line":2},"start":{"column":2,"line":2}}],"type":"if"},"2":{"line":7,"locations":[{"end":{"column":2,"line":7},"start":{"column":2,"line":7}},{"end":{"column":2,"line":7},"start":{"column":2,"line":7}}],"type":"if"},"3":{"line":12,"locations":[{"end":{"column":2,"line":12},"start":{"column":2,"line":12}},{"end":{"column":2,"line":12},"start":{"column":2,"line":12}}],"type":"if"},"4":{"line":13,"locations":[{"end":{"column":4,"line":13},"start":{"column":4,"line":13}},{"end":{"column":4,"line":13},"start":{"column":4,"line":13}}],"type":"if"},"5":{"line":15,"locations":[{"end":{"column":11,"line":15},"start":{"column":11,"line":15}},{"end":{"column":11,"line":15},"start":{"column":11,"line":15}}],"type":"if"},"6":{"line":22,"locations":[{"end":{"column":4,"line":22},"start":{"column":4,"line":22}},{"end":{"column":4,"line":22},"start":{"column":4,"line":22}}],"type":"if"}},"f":{"1":62},"fnMap":{"1":{"line":1,"loc":{"end":{"column":32,"line":1},"start":{"column":15,"line":1}},"name":"(anonymous_1)"}},"path":"E:\\GitHub\\Dable\\src\\updateFooter.js","s":{"1":1,"2":62,"3":25,"4":37,"5":37,"6":37,"7":9,"8":37,"9":37,"10":37,"11":0,"12":37,"13":0,"14":37,"15":37,"16":1,"17":37,"18":37,"19":37},"statementMap":{"1":{"end":{"column":1,"line":32},"start":{"column":15,"line":1}},"2":{"end":{"column":3,"line":4},"start":{"column":2,"line":2}},"3":{"end":{"column":17,"line":3},"start":{"column":4,"line":3}},"4":{"end":{"column":50,"line":5},"start":{"column":2,"line":5}},"5":{"end":{"column":38,"line":6},"start":{"column":2,"line":6}},"6":{"end":{"column":3,"line":9},"start":{"column":2,"line":7}},"7":{"end":{"column":33,"line":8},"start":{"column":4,"line":8}},"8":{"end":{"column":65,"line":11},"start":{"column":2,"line":11}},"9":{"end":{"column":3,"line":26},"start":{"column":2,"line":12}},"10":{"end":{"column":5,"line":20},"start":{"column":4,"line":13}},"11":{"end":{"column":49,"line":14},"start":{"column":6,"line":14}},"12":{"end":{"column":5,"line":20},"start":{"column":11,"line":15}},"13":{"end":{"column":46,"line":16},"start":{"column":6,"line":16}},"14":{"end":{"column":44,"line":19},"start":{"column":6,"line":18}},"15":{"end":{"column":5,"line":25},"start":{"column":4,"line":22}},"16":{"end":{"column":26,"line":24},"start":{"column":6,"line":23}},"17":{"end":{"column":79,"line":28},"start":{"column":2,"line":28}},"18":{"end":{"column":48,"line":29},"start":{"column":2,"line":29}},"19":{"end":{"column":16,"line":31},"start":{"column":2,"line":31}}}},"E:\\GitHub\\Dable\\src\\updateStyle.js":{"b":{"1":[14,26],"2":[0,14],"3":[40,0],"4":[39,1],"5":[37,2],"6":[1,1],"7":[1,0]},"branchMap":{"1":{"line":2,"locations":[{"end":{"column":2,"line":2},"start":{"column":2,"line":2}},{"end":{"column":2,"line":2},"start":{"column":2,"line":2}}],"type":"if"},"2":{"line":4,"locations":[{"end":{"column":4,"line":4},"start":{"column":4,"line":4}},{"end":{"column":4,"line":4},"start":{"column":4,"line":4}}],"type":"if"},"3":{"line":9,"locations":[{"end":{"column":2,"line":9},"start":{"column":2,"line":9}},{"end":{"column":2,"line":9},"start":{"column":2,"line":9}}],"type":"if"},"4":{"line":20,"locations":[{"end":{"column":2,"line":20},"start":{"column":2,"line":20}},{"end":{"column":2,"line":20},"start":{"column":2,"line":20}}],"type":"if"},"5":{"line":25,"locations":[{"end":{"column":4,"line":25},"start":{"column":4,"line":25}},{"end":{"column":4,"line":25},"start":{"column":4,"line":25}}],"type":"if"},"6":{"line":28,"locations":[{"end":{"column":4,"line":28},"start":{"column":4,"line":28}},{"end":{"column":4,"line":28},"start":{"column":4,"line":28}}],"type":"if"},"7":{"line":30,"locations":[{"end":{"column":11,"line":30},"start":{"column":11,"line":30}},{"end":{"column":11,"line":30},"start":{"column":11,"line":30}}],"type":"if"}},"f":{"1":40},"fnMap":{"1":{"line":1,"loc":{"end":{"column":41,"line":1},"start":{"column":15,"line":1}},"name":"(anonymous_1)"}},"path":"E:\\GitHub\\Dable\\src\\updateStyle.js","s":{"1":1,"2":40,"3":14,"4":14,"5":0,"6":40,"7":40,"8":40,"9":40,"10":40,"11":39,"12":39,"13":37,"14":2,"15":1,"16":1,"17":1},"statementMap":{"1":{"end":{"column":1,"line":34},"start":{"column":15,"line":1}},"2":{"end":{"column":3,"line":7},"start":{"column":2,"line":2}},"3":{"end":{"column":48,"line":3},"start":{"column":4,"line":3}},"4":{"end":{"column":5,"line":6},"start":{"column":4,"line":4}},"5":{"end":{"column":19,"line":5},"start":{"column":6,"line":5}},"6":{"end":{"column":3,"line":11},"start":{"column":2,"line":9}},"7":{"end":{"column":23,"line":10},"start":{"column":4,"line":10}},"8":{"end":{"column":21,"line":13},"start":{"column":2,"line":13}},"9":{"end":{"column":30,"line":16},"start":{"column":2,"line":16}},"10":{"end":{"column":3,"line":33},"start":{"column":2,"line":20}},"11":{"end":{"column":35,"line":23},"start":{"column":4,"line":23}},"12":{"end":{"column":5,"line":27},"start":{"column":4,"line":25}},"13":{"end":{"column":18,"line":26},"start":{"column":6,"line":26}},"14":{"end":{"column":5,"line":32},"start":{"column":4,"line":28}},"15":{"end":{"column":41,"line":29},"start":{"column":6,"line":29}},"16":{"end":{"column":5,"line":32},"start":{"column":11,"line":30}},"17":{"end":{"column":42,"line":31},"start":{"column":6,"line":31}}}},"E:\\GitHub\\Dable\\src\\utils.js":{"b":{"1":[1110,0],"2":[270,840],"3":[1110,300],"4":[0,38],"5":[1002,2392],"6":[3394,3394],"7":[0,0]},"branchMap":{"1":{"line":3,"locations":[{"end":{"column":4,"line":3},"start":{"column":4,"line":3}},{"end":{"column":4,"line":3},"start":{"column":4,"line":3}}],"type":"if"},"2":{"line":4,"locations":[{"end":{"column":6,"line":4},"start":{"column":6,"line":4}},{"end":{"column":6,"line":4},"start":{"column":6,"line":4}}],"type":"if"},"3":{"line":4,"locations":[{"end":{"column":41,"line":4},"start":{"column":10,"line":4}},{"end":{"column":65,"line":4},"start":{"column":45,"line":4}}],"type":"binary-expr"},"4":{"line":41,"locations":[{"end":{"column":4,"line":41},"start":{"column":4,"line":41}},{"end":{"column":4,"line":41},"start":{"column":4,"line":41}}],"type":"if"},"5":{"line":51,"locations":[{"end":{"column":2,"line":51},"start":{"column":2,"line":51}},{"end":{"column":2,"line":51},"start":{"column":2,"line":51}}],"type":"if"},"6":{"line":51,"locations":[{"end":{"column":16,"line":51},"start":{"column":6,"line":51}},{"end":{"column":41,"line":51},"start":{"column":20,"line":51}}],"type":"binary-expr"},"7":{"line":60,"locations":[{"end":{"column":2,"line":60},"start":{"column":2,"line":60}},{"end":{"column":2,"line":60},"start":{"column":2,"line":60}}],"type":"if"}},"f":{"1":300,"2":79,"3":0,"4":97,"5":7,"6":25,"7":1,"8":0,"9":40,"10":3394,"11":0},"fnMap":{"1":{"line":1,"loc":{"end":{"column":35,"line":1},"start":{"column":7,"line":1}},"name":"mixin"},"2":{"line":14,"loc":{"end":{"column":34,"line":14},"start":{"column":7,"line":14}},"name":"bind"},"3":{"line":16,"loc":{"end":{"column":20,"line":16},"start":{"column":9,"line":16}},"name":"(anonymous_3)"},"4":{"line":22,"loc":{"end":{"column":30,"line":22},"start":{"column":7,"line":22}},"name":"doSort"},"5":{"line":23,"loc":{"end":{"column":20,"line":23},"start":{"column":9,"line":23}},"name":"(anonymous_5)"},"6":{"line":29,"loc":{"end":{"column":32,"line":29},"start":{"column":7,"line":29}},"name":"doSearch"},"7":{"line":30,"loc":{"end":{"column":20,"line":30},"start":{"column":9,"line":30}},"name":"(anonymous_7)"},"8":{"line":37,"loc":{"end":{"column":23,"line":37},"start":{"column":7,"line":37}},"name":"noop"},"9":{"line":39,"loc":{"end":{"column":45,"line":39},"start":{"column":7,"line":39}},"name":"arrayContains"},"10":{"line":48,"loc":{"end":{"column":34,"line":48},"start":{"column":7,"line":48}},"name":"removeStyle"},"11":{"line":58,"loc":{"end":{"column":33,"line":58},"start":{"column":7,"line":58}},"name":"triggerKeyup"}},"path":"E:\\GitHub\\Dable\\src\\utils.js","s":{"1":1,"2":300,"3":1110,"4":1110,"5":270,"6":840,"7":300,"8":1,"9":79,"10":79,"11":0,"12":0,"13":1,"14":97,"15":7,"16":1,"17":25,"18":1,"19":1,"20":1,"21":40,"22":38,"23":0,"24":40,"25":1,"26":3394,"27":3394,"28":3394,"29":1002,"30":3230,"31":1,"32":0,"33":0,"34":0,"35":0,"36":0,"37":0,"38":0,"39":0},"statementMap":{"1":{"end":{"column":1,"line":12},"start":{"column":7,"line":1}},"2":{"end":{"column":3,"line":10},"start":{"column":2,"line":2}},"3":{"end":{"column":5,"line":9},"start":{"column":4,"line":3}},"4":{"end":{"column":7,"line":8},"start":{"column":6,"line":4}},"5":{"end":{"column":65,"line":5},"start":{"column":8,"line":5}},"6":{"end":{"column":31,"line":7},"start":{"column":8,"line":7}},"7":{"end":{"column":13,"line":11},"start":{"column":2,"line":11}},"8":{"end":{"column":1,"line":20},"start":{"column":7,"line":14}},"9":{"end":{"column":55,"line":15},"start":{"column":2,"line":15}},"10":{"end":{"column":4,"line":19},"start":{"column":2,"line":16}},"11":{"end":{"column":56,"line":17},"start":{"column":4,"line":17}},"12":{"end":{"column":49,"line":18},"start":{"column":4,"line":18}},"13":{"end":{"column":1,"line":27},"start":{"column":7,"line":22}},"14":{"end":{"column":4,"line":26},"start":{"column":2,"line":23}},"15":{"end":{"column":25,"line":24},"start":{"column":4,"line":24}},"16":{"end":{"column":1,"line":34},"start":{"column":7,"line":29}},"17":{"end":{"column":4,"line":33},"start":{"column":2,"line":30}},"18":{"end":{"column":27,"line":31},"start":{"column":4,"line":31}},"19":{"end":{"column":25,"line":37},"start":{"column":7,"line":37}},"20":{"end":{"column":1,"line":46},"start":{"column":7,"line":39}},"21":{"end":{"column":3,"line":44},"start":{"column":2,"line":40}},"22":{"end":{"column":5,"line":43},"start":{"column":4,"line":41}},"23":{"end":{"column":18,"line":42},"start":{"column":6,"line":42}},"24":{"end":{"column":15,"line":45},"start":{"column":2,"line":45}},"25":{"end":{"column":1,"line":56},"start":{"column":7,"line":48}},"26":{"end":{"column":32,"line":49},"start":{"column":2,"line":49}},"27":{"end":{"column":33,"line":50},"start":{"column":2,"line":50}},"28":{"end":{"column":3,"line":55},"start":{"column":2,"line":51}},"29":{"end":{"column":5,"line":54},"start":{"column":4,"line":52}},"30":{"end":{"column":33,"line":53},"start":{"column":6,"line":53}},"31":{"end":{"column":1,"line":72},"start":{"column":7,"line":58}},"32":{"end":{"column":8,"line":59},"start":{"column":2,"line":59}},"33":{"end":{"column":3,"line":71},"start":{"column":2,"line":60}},"34":{"end":{"column":46,"line":62},"start":{"column":4,"line":62}},"35":{"end":{"column":14,"line":64},"start":{"column":4,"line":63}},"36":{"end":{"column":24,"line":65},"start":{"column":4,"line":65}},"37":{"end":{"column":52,"line":68},"start":{"column":4,"line":68}},"38":{"end":{"column":19,"line":69},"start":{"column":4,"line":69}},"39":{"end":{"column":31,"line":70},"start":{"column":4,"line":70}}}}}