TN:
SF:E:\GitHub\Dable\src\addRow.js
FN:3,(anonymous_1)
FNF:1
FNH:0
FNDA:0,(anonymous_1)
DA:3,1
DA:4,0
DA:5,0
DA:6,0
DA:8,0
DA:10,0
DA:11,0
DA:12,0
LF:8
LH:1
BRDA:5,1,0,0
BRDA:5,1,1,0
BRF:2
BRH:0
end_of_record
TN:
SF:E:\GitHub\Dable\src\applyBaseStyles.js
FN:1,(anonymous_1)
FN:38,(anonymous_2)
FN:41,(anonymous_3)
FNF:3
FNH:1
FNDA:39,(anonymous_1)
FNDA:0,(anonymous_2)
FNDA:0,(anonymous_3)
DA:1,1
DA:2,39
DA:3,2
DA:6,39
DA:7,39
DA:8,39
DA:9,0
DA:12,39
DA:13,39
DA:14,175
DA:17,39
DA:18,39
DA:19,175
DA:21,39
DA:22,39
DA:23,1396
DA:26,39
DA:27,39
DA:28,39
DA:29,154
DA:30,154
DA:31,154
DA:32,154
DA:33,152
DA:34,152
DA:35,152
DA:36,152
DA:38,152
DA:39,0
DA:41,152
DA:42,0
DA:45,2
DA:46,2
DA:50,39
DA:51,39
DA:52,39
DA:53,0
DA:56,39
DA:57,39
DA:58,39
DA:59,39
DA:60,39
DA:61,39
DA:63,39
DA:64,39
DA:65,39
DA:66,0
DA:69,39
DA:70,39
DA:71,39
DA:72,39
DA:73,39
DA:74,39
DA:75,39
DA:76,39
DA:77,78
LF:56
LH:51
BRDA:2,1,0,2
BRDA:2,1,1,37
BRDA:8,2,0,0
BRDA:8,2,1,39
BRDA:32,3,0,152
BRDA:32,3,1,2
BRDA:52,4,0,0
BRDA:52,4,1,39
BRDA:65,5,0,0
BRDA:65,5,1,39
BRF:10
BRH:7
end_of_record
TN:
SF:E:\GitHub\Dable\src\applyBootstrapStyles.js
FN:3,(anonymous_1)
FNF:1
FNH:1
FNDA:1,(anonymous_1)
DA:3,1
DA:4,1
DA:5,0
DA:8,1
DA:9,1
DA:10,1
DA:11,1
DA:12,1
DA:13,1
DA:14,1
DA:15,1
DA:16,1
DA:17,1
DA:19,1
DA:20,1
DA:21,10
DA:24,1
DA:25,1
DA:26,4
DA:27,4
DA:28,4
DA:29,0
DA:31,4
DA:32,0
DA:36,4
DA:40,1
DA:41,1
DA:42,1
DA:43,1
DA:45,1
DA:46,1
DA:47,2
DA:50,1
DA:52,1
DA:53,1
DA:54,1
DA:55,1
DA:57,1
DA:58,1
DA:59,1
DA:60,1
DA:62,1
DA:63,0
DA:64,0
DA:65,0
DA:66,0
DA:67,0
DA:68,0
DA:69,0
DA:70,0
DA:71,0
DA:72,0
DA:75,1
DA:76,1
DA:77,2
LF:55
LH:42
BRDA:4,1,0,0
BRDA:4,1,1,1
BRDA:27,2,0,4
BRDA:27,2,1,0
BRDA:28,3,0,0
BRDA:28,3,1,4
BRDA:31,4,0,0
BRDA:31,4,1,4
BRDA:62,5,0,0
BRDA:62,5,1,1
BRF:10
BRH:5
end_of_record
TN:
SF:E:\GitHub\Dable\src\applyJqueryUIStyles.js
FN:3,(anonymous_1)
FNF:1
FNH:1
FNDA:1,(anonymous_1)
DA:3,1
DA:4,1
DA:5,0
DA:8,1
DA:9,1
DA:10,1
DA:11,1
DA:14,1
DA:15,1
DA:16,4
DA:17,4
DA:18,4
DA:19,4
DA:20,0
DA:22,4
DA:23,0
DA:27,4
DA:31,1
DA:32,1
DA:33,2
DA:36,1
DA:38,1
DA:41,1
DA:42,1
DA:43,2
DA:46,1
DA:47,1
DA:48,1
DA:49,1
DA:50,1
DA:51,1
DA:52,1
DA:55,1
DA:56,1
DA:57,1
DA:58,1
DA:59,1
DA:60,1
DA:61,0
DA:64,1
DA:65,0
DA:66,0
DA:67,0
DA:68,0
DA:69,0
DA:70,0
DA:71,0
DA:72,0
DA:73,0
DA:74,0
LF:50
LH:36
BRDA:4,1,0,0
BRDA:4,1,1,1
BRDA:18,2,0,4
BRDA:18,2,1,0
BRDA:19,3,0,0
BRDA:19,3,1,4
BRDA:22,4,0,0
BRDA:22,4,1,4
BRDA:51,5,0,1
BRDA:51,5,1,0
BRDA:60,6,0,0
BRDA:60,6,1,1
BRDA:64,7,0,0
BRDA:64,7,1,1
BRF:14
BRH:7
end_of_record
TN:
SF:E:\GitHub\Dable\src\asyncReload.js
FN:3,(anonymous_1)
FN:5,(anonymous_2)
FNF:2
FNH:0
FNDA:0,(anonymous_1)
FNDA:0,(anonymous_2)
DA:3,1
DA:4,0
DA:5,0
DA:6,0
DA:7,0
DA:9,0
DA:10,0
DA:15,0
DA:16,0
DA:18,0
DA:21,0
LF:11
LH:1
BRDA:4,1,0,0
BRDA:4,1,1,0
BRDA:6,2,0,0
BRDA:6,2,1,0
BRDA:16,3,0,0
BRDA:16,3,1,0
BRDA:16,4,0,0
BRDA:16,4,1,0
BRF:8
BRH:0
end_of_record
TN:
SF:E:\GitHub\Dable\src\asyncRequest.js
FN:1,(anonymous_1)
FN:8,(anonymous_2)
FN:54,(anonymous_3)
FN:55,(anonymous_4)
FNF:4
FNH:0
FNDA:0,(anonymous_1)
FNDA:0,(anonymous_2)
FNDA:0,(anonymous_3)
FNDA:0,(anonymous_4)
DA:1,1
DA:2,0
DA:3,0
DA:4,0
DA:7,0
DA:8,0
DA:9,0
DA:10,0
DA:11,0
DA:12,0
DA:13,0
DA:16,0
DA:17,0
DA:18,0
DA:19,0
DA:20,0
DA:23,0
DA:24,0
DA:25,0
DA:26,0
DA:27,0
DA:30,0
DA:31,0
DA:32,0
DA:33,0
DA:34,0
DA:37,0
DA:41,0
DA:42,0
DA:43,0
DA:46,0
DA:47,0
DA:49,0
DA:53,0
DA:54,0
DA:55,0
DA:56,0
DA:59,0
DA:61,0
DA:66,0
DA:67,0
DA:68,0
DA:69,0
DA:70,0
DA:71,0
DA:72,0
DA:73,0
DA:74,0
DA:76,0
DA:78,0
DA:79,0
LF:51
LH:1
BRDA:3,1,0,0
BRDA:3,1,1,0
BRDA:9,2,0,0
BRDA:9,2,1,0
BRDA:9,3,0,0
BRDA:9,3,1,0
BRDA:12,4,0,0
BRDA:12,4,1,0
BRDA:17,5,0,0
BRDA:17,5,1,0
BRDA:19,6,0,0
BRDA:19,6,1,0
BRDA:24,7,0,0
BRDA:24,7,1,0
BRDA:26,8,0,0
BRDA:26,8,1,0
BRDA:31,9,0,0
BRDA:31,9,1,0
BRDA:33,10,0,0
BRDA:33,10,1,0
BRDA:59,11,0,0
BRDA:59,11,1,0
BRDA:59,12,0,0
BRDA:59,12,1,0
BRDA:60,13,0,0
BRDA:60,13,1,0
BRDA:60,13,2,0
BRDA:73,14,0,0
BRDA:73,14,1,0
BRF:29
BRH:0
end_of_record
TN:
SF:E:\GitHub\Dable\src\baseSort.js
FN:7,ifDate
FN:17,detectDate
FN:27,testCellContents
FN:40,detectColumnType
FN:48,lexSort
FN:49,(anonymous_6)
FN:59,hydrate
FN:67,schwTrans
FN:68,(anonymous_9)
FN:79,(anonymous_10)
FNF:10
FNH:10
FNDA:4,ifDate
FNDA:4,detectDate
FNDA:85,testCellContents
FNDA:6,detectColumnType
FNDA:1,lexSort
FNDA:4,(anonymous_6)
FNDA:5,hydrate
FNDA:5,schwTrans
FNDA:280,(anonymous_9)
FNDA:6,(anonymous_10)
DA:1,1
DA:2,1
DA:3,1
DA:4,1
DA:5,1
DA:7,1
DA:8,4
DA:9,4
DA:10,4
DA:11,4
DA:12,4
DA:13,4
DA:17,1
DA:18,4
DA:19,4
DA:20,4
DA:21,4
DA:23,0
DA:27,1
DA:28,85
DA:29,85
DA:30,1
DA:31,1
DA:32,84
DA:33,80
DA:34,80
DA:36,4
DA:40,1
DA:41,6
DA:42,6
DA:43,85
DA:44,85
DA:48,1
DA:49,1
DA:50,4
DA:51,2
DA:52,2
DA:53,2
DA:55,0
DA:59,1
DA:60,5
DA:61,5
DA:62,84
DA:64,5
DA:67,1
DA:68,5
DA:69,280
DA:70,278
DA:71,2
DA:72,2
DA:74,0
DA:76,5
DA:79,1
DA:80,6
DA:81,6
DA:82,6
DA:83,6
DA:85,6
DA:86,6
DA:88,6
DA:89,1
DA:92,5
LF:62
LH:59
BRDA:9,1,0,4
BRDA:9,1,1,0
BRDA:20,2,0,4
BRDA:20,2,1,0
BRDA:29,3,0,1
BRDA:29,3,1,84
BRDA:32,4,0,80
BRDA:32,4,1,4
BRDA:42,5,0,91
BRDA:42,5,1,5
BRDA:42,5,2,90
BRDA:50,6,0,2
BRDA:50,6,1,2
BRDA:52,7,0,2
BRDA:52,7,1,0
BRDA:69,8,0,278
BRDA:69,8,1,2
BRDA:71,9,0,2
BRDA:71,9,1,0
BRDA:86,10,0,5
BRDA:86,10,1,1
BRDA:88,11,0,1
BRDA:88,11,1,5
BRDA:88,12,0,6
BRDA:88,12,1,2
BRF:25
BRH:21
end_of_record
TN:
SF:E:\GitHub\Dable\src\buildAll.js
FN:3,(anonymous_1)
FN:15,(anonymous_2)
FNF:2
FNH:1
FNDA:44,(anonymous_1)
FNDA:0,(anonymous_2)
DA:3,1
DA:4,44
DA:5,44
DA:6,19
DA:9,25
DA:10,25
DA:11,0
DA:14,25
DA:15,0
DA:16,0
DA:17,0
DA:19,0
DA:20,0
DA:21,0
DA:22,0
DA:23,0
DA:24,0
DA:26,0
DA:29,25
DA:31,25
DA:32,25
DA:33,25
DA:34,25
DA:35,25
DA:36,25
DA:38,25
LF:26
LH:15
BRDA:5,1,0,19
BRDA:5,1,1,25
BRDA:10,2,0,0
BRDA:10,2,1,25
BRDA:14,3,0,0
BRDA:14,3,1,25
BRDA:16,4,0,0
BRDA:16,4,1,0
BRF:8
BRH:4
end_of_record
TN:
SF:E:\GitHub\Dable\src\buildFooter.js
FN:1,(anonymous_1)
FNF:1
FNH:1
FNDA:25,(anonymous_1)
DA:1,1
DA:2,25
DA:3,0
DA:5,25
DA:6,25
DA:7,25
DA:8,25
DA:9,25
DA:10,25
DA:11,25
DA:12,25
DA:13,25
DA:14,25
DA:15,25
DA:16,25
DA:17,25
DA:18,25
DA:19,25
LF:18
LH:17
BRDA:2,1,0,0
BRDA:2,1,1,25
BRF:2
BRH:1
end_of_record
TN:
SF:E:\GitHub\Dable\src\buildHeader.js
FN:3,(anonymous_1)
FN:26,(anonymous_2)
FNF:2
FNH:1
FNDA:25,(anonymous_1)
FNDA:0,(anonymous_2)
DA:3,1
DA:4,25
DA:5,0
DA:7,25
DA:8,25
DA:9,25
DA:10,25
DA:11,25
DA:13,25
DA:14,25
DA:15,25
DA:16,25
DA:17,25
DA:18,25
DA:19,100
DA:20,100
DA:21,100
DA:22,100
DA:25,25
DA:26,25
DA:27,0
DA:28,0
DA:29,0
DA:30,0
DA:31,0
DA:34,25
DA:35,25
DA:36,26
DA:37,25
DA:38,25
DA:42,25
DA:44,25
DA:45,25
DA:46,25
DA:47,25
DA:48,25
DA:49,25
DA:50,25
DA:51,25
DA:53,25
DA:55,25
DA:56,25
DA:57,25
DA:58,25
DA:59,25
DA:61,25
LF:46
LH:40
BRDA:4,1,0,0
BRDA:4,1,1,25
BRDA:36,2,0,25
BRDA:36,2,1,1
BRF:4
BRH:3
end_of_record
TN:
SF:E:\GitHub\Dable\src\buildPager.js
FN:7,makePageFirst
FN:24,makePageLeft
FN:41,makePageRight
FN:58,makePageLast
FN:75,(anonymous_5)
FNF:5
FNH:3
FNDA:0,makePageFirst
FNDA:102,makePageLeft
FNDA:102,makePageRight
FNDA:0,makePageLast
FNDA:102,(anonymous_5)
DA:3,1
DA:4,1
DA:5,1
DA:7,1
DA:9,0
DA:10,0
DA:11,0
DA:12,0
DA:13,0
DA:14,0
DA:15,0
DA:16,0
DA:18,0
DA:20,0
DA:21,0
DA:24,1
DA:26,102
DA:27,102
DA:28,102
DA:29,102
DA:30,102
DA:31,102
DA:32,98
DA:33,98
DA:35,4
DA:37,102
DA:38,102
DA:41,1
DA:43,102
DA:44,102
DA:45,102
DA:46,102
DA:47,102
DA:48,102
DA:49,27
DA:50,27
DA:52,75
DA:54,102
DA:55,102
DA:58,1
DA:60,0
DA:61,0
DA:62,0
DA:63,0
DA:64,0
DA:65,0
DA:66,0
DA:67,0
DA:69,0
DA:71,0
DA:72,0
DA:75,1
DA:76,102
DA:77,102
DA:78,0
DA:81,102
DA:83,102
DA:84,0
DA:85,0
DA:86,0
DA:88,0
DA:89,0
DA:90,0
DA:91,0
DA:93,0
DA:95,0
DA:96,0
DA:99,0
DA:100,0
DA:101,0
DA:102,0
DA:103,0
DA:104,0
DA:105,0
DA:106,0
DA:107,0
DA:110,0
DA:111,0
DA:115,102
DA:117,102
DA:118,0
DA:121,102
LF:82
LH:37
BRDA:14,1,0,0
BRDA:14,1,1,0
BRDA:31,2,0,98
BRDA:31,2,1,4
BRDA:48,3,0,27
BRDA:48,3,1,75
BRDA:65,4,0,0
BRDA:65,4,1,0
BRDA:77,5,0,0
BRDA:77,5,1,102
BRDA:83,6,0,0
BRDA:83,6,1,102
BRDA:86,7,0,0
BRDA:86,7,1,0
BRDA:90,8,0,0
BRDA:90,8,1,0
BRDA:93,9,0,0
BRDA:93,9,1,0
BRDA:105,10,0,0
BRDA:105,10,1,0
BRDA:117,11,0,0
BRDA:117,11,1,102
BRF:22
BRH:7
end_of_record
TN:
SF:E:\GitHub\Dable\src\buildTable.js
FN:3,(anonymous_1)
FNF:1
FNH:1
FNDA:25,(anonymous_1)
DA:3,1
DA:4,25
DA:5,0
DA:9,25
DA:10,25
DA:11,25
DA:12,25
DA:13,25
DA:14,25
DA:16,25
DA:17,25
DA:18,98
DA:19,98
DA:20,98
DA:21,98
DA:23,98
DA:24,97
DA:25,97
DA:26,97
DA:27,97
DA:28,97
DA:31,98
DA:32,98
DA:34,98
DA:35,98
DA:37,25
DA:38,25
DA:40,25
DA:41,25
DA:42,25
DA:43,25
DA:44,25
DA:45,25
DA:46,0
DA:47,0
DA:48,0
DA:51,25
LF:37
LH:33
BRDA:4,1,0,0
BRDA:4,1,1,25
BRDA:23,2,0,97
BRDA:23,2,1,1
BRDA:45,3,0,0
BRDA:45,3,1,25
BRF:6
BRH:4
end_of_record
TN:
SF:E:\GitHub\Dable\src\checkForTable.js
FN:1,(anonymous_1)
FNF:1
FNH:1
FNDA:44,(anonymous_1)
DA:1,1
DA:2,44
DA:3,26
DA:4,9
DA:5,8
DA:7,1
DA:8,1
DA:10,17
DA:12,1
DA:13,1
DA:15,0
DA:16,0
DA:19,16
DA:22,26
DA:23,26
DA:24,21
DA:25,21
DA:26,21
DA:27,1
DA:30,21
DA:32,21
DA:35,5
DA:37,18
LF:23
LH:21
BRDA:2,1,0,26
BRDA:2,1,1,18
BRDA:3,2,0,9
BRDA:3,2,1,17
BRDA:3,3,0,26
BRDA:3,3,1,9
BRDA:4,4,0,8
BRDA:4,4,1,1
BRDA:10,5,0,1
BRDA:10,5,1,16
BRDA:10,6,0,17
BRDA:10,6,1,17
BRDA:10,6,2,1
BRDA:12,7,0,1
BRDA:12,7,1,0
BRDA:23,8,0,21
BRDA:23,8,1,5
BRDA:23,9,0,26
BRDA:23,9,1,26
BRDA:23,9,2,26
BRDA:25,10,0,21
BRDA:25,10,1,0
BRDA:26,11,0,1
BRDA:26,11,1,20
BRF:24
BRH:22
end_of_record
TN:
SF:E:\GitHub\Dable\src\dable.js
FN:36,(anonymous_1)
FN:39,Dable
FN:46,(anonymous_3)
FN:50,(anonymous_4)
FN:54,(anonymous_5)
FN:59,(anonymous_6)
FN:81,(anonymous_7)
FN:89,(anonymous_8)
FN:133,(anonymous_9)
FN:138,(anonymous_10)
FN:143,(anonymous_11)
FNF:11
FNH:8
FNDA:0,(anonymous_1)
FNDA:30,Dable
FNDA:75,(anonymous_3)
FNDA:344,(anonymous_4)
FNDA:102,(anonymous_5)
FNDA:0,(anonymous_6)
FNDA:24,(anonymous_7)
FNDA:7,(anonymous_8)
FNDA:0,(anonymous_9)
FNDA:1,(anonymous_10)
FNDA:2,(anonymous_11)
DA:34,1
DA:36,0
DA:39,1
DA:40,30
DA:41,30
DA:44,1
DA:46,1
DA:47,75
DA:50,1
DA:51,344
DA:54,1
DA:55,102
DA:56,102
DA:59,1
DA:60,0
DA:63,1
DA:65,1
DA:67,1
DA:69,1
DA:71,1
DA:73,1
DA:75,1
DA:77,1
DA:79,1
DA:81,1
DA:82,24
DA:83,24
DA:84,414
DA:86,24
DA:89,1
DA:90,7
DA:91,7
DA:92,92
DA:94,7
DA:97,1
DA:99,1
DA:101,1
DA:103,1
DA:105,1
DA:107,1
DA:109,1
DA:111,1
DA:113,1
DA:115,1
DA:117,1
DA:119,1
DA:121,1
DA:123,1
DA:125,1
DA:127,1
DA:129,1
DA:131,1
DA:133,1
DA:134,0
DA:135,0
DA:138,1
DA:139,1
DA:140,1
DA:143,1
DA:144,2
DA:145,2
DA:148,1
LF:62
LH:58
BRDA:34,1,0,0
BRDA:34,1,1,1
BRDA:34,2,0,1
BRDA:34,2,1,1
BRF:4
BRH:3
end_of_record
TN:
SF:E:\GitHub\Dable\src\defaults.js
FNF:0
FNH:0
LF:0
LH:0
BRF:0
BRH:0
end_of_record
TN:
SF:E:\GitHub\Dable\src\deleteRow.js
FN:3,(anonymous_1)
FNF:1
FNH:0
FNDA:0,(anonymous_1)
DA:3,1
DA:4,0
DA:5,0
DA:6,0
DA:7,0
DA:8,0
DA:12,0
DA:13,0
DA:14,0
DA:15,0
DA:19,0
LF:11
LH:1
BRDA:5,1,0,0
BRDA:5,1,1,0
BRDA:13,2,0,0
BRDA:13,2,1,0
BRF:4
BRH:0
end_of_record
TN:
SF:E:\GitHub\Dable\src\exists.js
FN:1,(anonymous_1)
FNF:1
FNH:1
FNDA:9,(anonymous_1)
DA:1,1
DA:2,9
DA:4,9
DA:5,9
DA:6,3
DA:7,6
DA:9,2
DA:10,4
DA:12,2
DA:13,2
DA:14,2
DA:17,9
DA:18,9
DA:19,9
DA:20,4
DA:23,9
LF:16
LH:16
BRDA:5,1,0,3
BRDA:5,1,1,6
BRDA:7,2,0,2
BRDA:7,2,1,4
BRDA:7,3,0,6
BRDA:7,3,1,6
BRDA:7,3,2,2
BRDA:10,4,0,2
BRDA:10,4,1,2
BRDA:10,5,0,4
BRDA:10,5,1,4
BRDA:10,5,2,4
BRDA:10,5,3,2
BRDA:13,6,0,2
BRDA:13,6,1,0
BRDA:19,7,0,4
BRDA:19,7,1,5
BRF:17
BRH:16
end_of_record
TN:
SF:E:\GitHub\Dable\src\filters.js
FN:3,(anonymous_1)
FN:25,(anonymous_2)
FNF:2
FNH:2
FNDA:80,(anonymous_1)
FNDA:74,(anonymous_2)
DA:4,80
DA:5,80
DA:6,80
DA:7,80
DA:8,80
DA:10,80
DA:11,0
DA:12,0
DA:13,0
DA:16,80
DA:17,0
DA:18,0
DA:21,80
DA:26,74
DA:27,74
DA:28,74
DA:29,74
DA:31,74
DA:32,0
DA:34,74
DA:35,74
DA:36,74
DA:37,0
DA:38,0
DA:42,74
DA:43,74
DA:44,4
DA:48,70
LF:28
LH:20
BRDA:17,1,0,0
BRDA:17,1,1,0
BRDA:36,2,0,0
BRDA:36,2,1,74
BRDA:43,3,0,4
BRDA:43,3,1,70
BRF:6
BRH:3
end_of_record
TN:
SF:E:\GitHub\Dable\src\generateTableFromHtml.js
FN:1,(anonymous_1)
FNF:1
FNH:1
FNDA:21,(anonymous_1)
DA:1,1
DA:2,21
DA:3,0
DA:4,0
DA:7,21
DA:8,0
DA:11,21
DA:12,21
DA:13,1
DA:14,1
DA:17,20
DA:18,20
DA:19,20
DA:20,0
DA:23,20
DA:24,20
DA:25,80
DA:28,20
DA:30,20
DA:31,20
DA:32,20
DA:34,0
DA:35,0
DA:38,20
DA:39,400
DA:40,400
DA:41,400
DA:42,1600
DA:46,20
DA:48,20
DA:49,20
DA:51,20
LF:32
LH:26
BRDA:2,1,0,0
BRDA:2,1,1,21
BRDA:7,2,0,0
BRDA:7,2,1,21
BRDA:12,3,0,1
BRDA:12,3,1,20
BRDA:19,4,0,0
BRDA:19,4,1,20
BRDA:32,5,0,0
BRDA:32,5,1,20
BRDA:32,6,0,20
BRDA:32,6,1,20
BRDA:32,6,2,0
BRF:13
BRH:8
end_of_record
TN:
SF:E:\GitHub\Dable\src\goToPage.js
FN:3,(anonymous_1)
FN:17,(anonymous_2)
FNF:2
FNH:1
FNDA:3,(anonymous_1)
FNDA:0,(anonymous_2)
DA:3,1
DA:4,3
DA:5,3
DA:9,0
DA:10,0
DA:11,0
DA:13,0
DA:16,0
DA:18,0
DA:19,0
DA:20,0
DA:23,3
DA:24,3
LF:13
LH:5
BRDA:5,1,0,0
BRDA:5,1,1,3
BRDA:5,2,0,3
BRDA:5,2,1,0
BRDA:5,2,2,0
BRDA:11,3,0,0
BRDA:11,3,1,0
BRDA:11,4,0,0
BRDA:11,4,1,0
BRDA:18,5,0,0
BRDA:18,5,1,0
BRF:11
BRH:2
end_of_record
TN:
SF:E:\GitHub\Dable\src\lastPage.js
FN:3,(anonymous_1)
FN:24,(anonymous_2)
FNF:2
FNH:0
FNDA:0,(anonymous_1)
FNDA:0,(anonymous_2)
DA:3,1
DA:4,0
DA:6,0
DA:10,0
DA:11,0
DA:13,0
DA:14,0
DA:17,0
DA:18,0
DA:20,0
DA:23,0
DA:25,0
DA:26,0
DA:27,0
DA:30,0
DA:31,0
LF:16
LH:1
BRDA:6,1,0,0
BRDA:6,1,1,0
BRDA:6,2,0,0
BRDA:6,2,1,0
BRDA:6,2,2,0
BRDA:13,3,0,0
BRDA:13,3,1,0
BRDA:18,4,0,0
BRDA:18,4,1,0
BRDA:18,5,0,0
BRDA:18,5,1,0
BRDA:25,6,0,0
BRDA:25,6,1,0
BRF:13
BRH:0
end_of_record
TN:
SF:E:\GitHub\Dable\src\removeStyles.js
FN:3,(anonymous_1)
FNF:1
FNH:1
FNDA:40,(anonymous_1)
DA:3,1
DA:4,40
DA:5,40
DA:6,40
DA:7,120
DA:10,40
DA:11,40
DA:12,40
DA:13,120
DA:16,40
DA:17,40
DA:18,40
DA:19,40
DA:20,40
DA:21,40
DA:22,158
DA:25,40
DA:26,40
DA:27,156
DA:28,156
DA:29,156
DA:30,7
DA:31,7
DA:32,1
DA:37,40
DA:38,40
DA:40,40
DA:41,40
DA:42,40
DA:43,40
DA:44,40
DA:47,40
DA:48,40
DA:51,40
DA:52,40
DA:53,40
DA:54,40
DA:55,40
DA:56,40
LF:39
LH:39
BRDA:29,1,0,7
BRDA:29,1,1,149
BRDA:31,2,0,1
BRDA:31,2,1,6
BRF:4
BRH:4
end_of_record
TN:
SF:E:\GitHub\Dable\src\searchFunc.js
FN:3,(anonymous_1)
FN:22,(anonymous_2)
FNF:2
FNH:1
FNDA:1,(anonymous_1)
FNDA:0,(anonymous_2)
DA:3,1
DA:4,1
DA:5,0
DA:8,1
DA:9,0
DA:11,1
DA:12,1
DA:15,1
DA:16,0
DA:17,0
DA:19,0
DA:21,0
DA:23,0
DA:24,0
DA:25,0
DA:26,0
DA:29,1
DA:30,1
DA:31,1
DA:32,1
DA:33,2
DA:34,40
DA:35,0
DA:38,40
DA:39,154
DA:40,4
DA:41,4
DA:42,4
DA:48,0
DA:49,0
DA:52,1
DA:53,1
DA:54,1
DA:55,1
DA:56,1
LF:35
LH:22
BRDA:4,1,0,0
BRDA:4,1,1,1
BRDA:8,2,0,0
BRDA:8,2,1,1
BRDA:8,3,0,1
BRDA:8,3,1,1
BRDA:15,4,0,0
BRDA:15,4,1,1
BRDA:17,5,0,0
BRDA:17,5,1,0
BRDA:17,6,0,0
BRDA:17,6,1,0
BRDA:23,7,0,0
BRDA:23,7,1,0
BRDA:31,8,0,1
BRDA:31,8,1,0
BRDA:34,9,0,0
BRDA:34,9,1,40
BRDA:39,10,0,4
BRDA:39,10,1,150
BRF:20
BRH:9
end_of_record
TN:
SF:E:\GitHub\Dable\src\setColumnNames.js
FN:1,(anonymous_1)
FNF:1
FNH:1
FNDA:24,(anonymous_1)
DA:1,1
DA:2,24
DA:3,0
DA:6,24
DA:7,94
DA:8,94
DA:15,0
LF:7
LH:5
BRDA:2,1,0,0
BRDA:2,1,1,24
BRDA:7,2,0,94
BRDA:7,2,1,0
BRF:4
BRH:2
end_of_record
TN:
SF:E:\GitHub\Dable\src\setDataAsColumns.js
FN:1,(anonymous_1)
FNF:1
FNH:0
FNDA:0,(anonymous_1)
DA:1,1
DA:2,0
DA:3,0
DA:6,0
DA:7,0
DA:8,0
DA:9,0
DA:12,0
DA:13,0
DA:17,0
DA:18,0
DA:19,0
DA:20,0
DA:21,0
LF:14
LH:1
BRDA:2,1,0,0
BRDA:2,1,1,0
BRF:2
BRH:0
end_of_record
TN:
SF:E:\GitHub\Dable\src\setDataAsRows.js
FN:1,(anonymous_1)
FNF:1
FNH:1
FNDA:24,(anonymous_1)
DA:1,1
DA:2,24
DA:3,0
DA:6,24
DA:7,24
DA:8,414
DA:9,94
DA:12,414
DA:13,1652
DA:17,24
DA:18,24
DA:19,24
DA:20,24
DA:21,24
LF:14
LH:13
BRDA:2,1,0,0
BRDA:2,1,1,24
BRF:2
BRH:1
end_of_record
TN:
SF:E:\GitHub\Dable\src\sortFunc.js
FN:3,(anonymous_1)
FN:39,(anonymous_2)
FNF:2
FNH:1
FNDA:7,(anonymous_1)
FNDA:0,(anonymous_2)
DA:3,1
DA:4,7
DA:6,7
DA:8,7
DA:9,7
DA:10,7
DA:11,7
DA:12,14
DA:13,7
DA:14,7
DA:18,7
DA:19,0
DA:22,7
DA:23,7
DA:24,7
DA:26,6
DA:29,7
DA:30,6
DA:31,6
DA:33,1
DA:34,1
DA:37,7
DA:38,0
DA:40,0
DA:41,0
DA:42,0
DA:43,0
DA:45,7
DA:46,1
DA:48,1
DA:49,1
DA:50,1
DA:52,6
DA:54,6
DA:55,6
DA:56,6
LF:36
LH:30
BRDA:6,1,0,7
BRDA:6,1,1,0
BRDA:6,2,0,7
BRDA:6,2,1,7
BRDA:6,2,2,7
BRDA:6,2,3,7
BRDA:12,3,0,7
BRDA:12,3,1,7
BRDA:18,4,0,0
BRDA:18,4,1,7
BRDA:24,5,0,6
BRDA:24,5,1,1
BRDA:24,6,0,7
BRDA:24,6,1,6
BRDA:29,7,0,6
BRDA:29,7,1,1
BRDA:37,8,0,0
BRDA:37,8,1,7
BRDA:40,9,0,0
BRDA:40,9,1,0
BRDA:45,10,0,1
BRDA:45,10,1,6
BRF:22
BRH:17
end_of_record
TN:
SF:E:\GitHub\Dable\src\updateDisplayedRows.js
FN:1,(anonymous_1)
FNF:1
FNH:1
FNDA:37,(anonymous_1)
DA:1,1
DA:2,37
DA:3,1
DA:4,1
DA:5,0
DA:9,37
DA:10,37
DA:11,0
DA:15,37
DA:16,37
DA:18,37
DA:19,37
DA:21,0
DA:22,0
DA:26,37
DA:27,37
DA:29,11
DA:33,37
DA:34,330
DA:35,330
DA:36,165
DA:38,165
DA:41,330
DA:42,1316
DA:43,1316
DA:44,1316
DA:45,0
DA:48,1316
DA:49,1316
DA:52,330
DA:55,37
DA:56,12
DA:59,37
DA:61,37
DA:62,37
DA:63,37
LF:36
LH:31
BRDA:2,1,0,1
BRDA:2,1,1,36
BRDA:4,2,0,0
BRDA:4,2,1,1
BRDA:19,3,0,0
BRDA:19,3,1,37
BRDA:27,4,0,11
BRDA:27,4,1,26
BRDA:35,5,0,165
BRDA:35,5,1,165
BRDA:44,6,0,0
BRDA:44,6,1,1316
BRDA:55,7,0,12
BRDA:55,7,1,25
BRF:14
BRH:11
end_of_record
TN:
SF:E:\GitHub\Dable\src\updateFooter.js
FN:1,(anonymous_1)
FNF:1
FNH:1
FNDA:62,(anonymous_1)
DA:1,1
DA:2,62
DA:3,25
DA:5,37
DA:6,37
DA:7,37
DA:8,9
DA:11,37
DA:12,37
DA:13,37
DA:14,0
DA:15,37
DA:16,0
DA:18,37
DA:22,37
DA:23,1
DA:28,37
DA:29,37
DA:31,37
LF:19
LH:17
BRDA:2,1,0,25
BRDA:2,1,1,37
BRDA:7,2,0,9
BRDA:7,2,1,28
BRDA:12,3,0,37
BRDA:12,3,1,0
BRDA:13,4,0,0
BRDA:13,4,1,37
BRDA:15,5,0,0
BRDA:15,5,1,37
BRDA:22,6,0,1
BRDA:22,6,1,36
BRF:12
BRH:9
end_of_record
TN:
SF:E:\GitHub\Dable\src\updateStyle.js
FN:1,(anonymous_1)
FNF:1
FNH:1
FNDA:40,(anonymous_1)
DA:1,1
DA:2,40
DA:3,14
DA:4,14
DA:5,0
DA:9,40
DA:10,40
DA:13,40
DA:16,40
DA:20,40
DA:23,39
DA:25,39
DA:26,37
DA:28,2
DA:29,1
DA:30,1
DA:31,1
LF:17
LH:16
BRDA:2,1,0,14
BRDA:2,1,1,26
BRDA:4,2,0,0
BRDA:4,2,1,14
BRDA:9,3,0,40
BRDA:9,3,1,0
BRDA:20,4,0,39
BRDA:20,4,1,1
BRDA:25,5,0,37
BRDA:25,5,1,2
BRDA:28,6,0,1
BRDA:28,6,1,1
BRDA:30,7,0,1
BRDA:30,7,1,0
BRF:14
BRH:11
end_of_record
TN:
SF:E:\GitHub\Dable\src\utils.js
FN:1,mixin
FN:14,bind
FN:16,(anonymous_3)
FN:22,doSort
FN:23,(anonymous_5)
FN:29,doSearch
FN:30,(anonymous_7)
FN:37,noop
FN:39,arrayContains
FN:48,removeStyle
FN:58,triggerKeyup
FNF:11
FNH:8
FNDA:300,mixin
FNDA:79,bind
FNDA:0,(anonymous_3)
FNDA:97,doSort
FNDA:7,(anonymous_5)
FNDA:25,doSearch
FNDA:1,(anonymous_7)
FNDA:0,noop
FNDA:40,arrayContains
FNDA:3394,removeStyle
FNDA:0,triggerKeyup
DA:1,1
DA:2,300
DA:3,1110
DA:4,1110
DA:5,270
DA:7,840
DA:11,300
DA:14,1
DA:15,79
DA:16,79
DA:17,0
DA:18,0
DA:22,1
DA:23,97
DA:24,7
DA:29,1
DA:30,25
DA:31,1
DA:37,1
DA:39,1
DA:40,40
DA:41,38
DA:42,0
DA:45,40
DA:48,1
DA:49,3394
DA:50,3394
DA:51,3394
DA:52,1002
DA:53,3230
DA:58,1
DA:59,0
DA:60,0
DA:62,0
DA:63,0
DA:65,0
DA:68,0
DA:69,0
DA:70,0
LF:39
LH:28
BRDA:3,1,0,1110
BRDA:3,1,1,0
BRDA:4,2,0,270
BRDA:4,2,1,840
BRDA:4,3,0,1110
BRDA:4,3,1,300
BRDA:41,4,0,0
BRDA:41,4,1,38
BRDA:51,5,0,1002
BRDA:51,5,1,2392
BRDA:51,6,0,3394
BRDA:51,6,1,3394
BRDA:60,7,0,0
BRDA:60,7,1,0
BRF:14
BRH:10
end_of_record
