TN:
SF:E:\GitHub\Dable\src\addRow.js
FN:3,(anonymous_1)
FNF:1
FNH:0
FNDA:0,(anonymous_1)
DA:3,1
DA:4,0
DA:5,0
DA:6,0
DA:8,0
DA:10,0
DA:11,0
DA:12,0
LF:8
LH:1
BRDA:5,1,0,0
BRDA:5,1,1,0
BRF:2
BRH:0
end_of_record
TN:
SF:E:\GitHub\Dable\src\applyBaseStyles.js
FN:1,(anonymous_1)
FN:38,(anonymous_2)
FN:41,(anonymous_3)
FNF:3
FNH:1
FNDA:27,(anonymous_1)
FNDA:0,(anonymous_2)
FNDA:0,(anonymous_3)
DA:1,1
DA:2,27
DA:3,0
DA:6,27
DA:7,27
DA:8,27
DA:9,0
DA:12,27
DA:13,27
DA:14,133
DA:17,27
DA:18,27
DA:19,133
DA:21,27
DA:22,27
DA:23,1060
DA:26,27
DA:27,27
DA:28,27
DA:29,106
DA:30,106
DA:31,106
DA:32,106
DA:33,104
DA:34,104
DA:35,104
DA:36,104
DA:38,104
DA:39,0
DA:41,104
DA:42,0
DA:45,2
DA:46,2
DA:50,27
DA:51,27
DA:52,27
DA:53,0
DA:56,27
DA:57,27
DA:58,27
DA:59,27
DA:60,27
DA:61,27
DA:63,27
DA:64,27
DA:65,27
DA:66,0
DA:69,27
DA:70,27
DA:71,27
DA:72,27
DA:73,27
DA:74,27
DA:75,27
DA:76,27
DA:77,54
LF:56
LH:50
BRDA:2,1,0,0
BRDA:2,1,1,27
BRDA:8,2,0,0
BRDA:8,2,1,27
BRDA:32,3,0,104
BRDA:32,3,1,2
BRDA:52,4,0,0
BRDA:52,4,1,27
BRDA:65,5,0,0
BRDA:65,5,1,27
BRF:10
BRH:6
end_of_record
TN:
SF:E:\GitHub\Dable\src\applyBootstrapStyles.js
FN:3,(anonymous_1)
FNF:1
FNH:1
FNDA:1,(anonymous_1)
DA:3,1
DA:4,1
DA:5,0
DA:8,1
DA:9,1
DA:10,1
DA:11,1
DA:12,1
DA:13,1
DA:14,1
DA:15,1
DA:16,1
DA:17,1
DA:19,1
DA:20,1
DA:21,10
DA:24,1
DA:25,1
DA:26,4
DA:27,4
DA:28,4
DA:29,0
DA:31,4
DA:32,0
DA:36,4
DA:40,1
DA:41,1
DA:42,1
DA:43,1
DA:45,1
DA:46,1
DA:47,2
DA:50,1
DA:52,1
DA:53,1
DA:54,1
DA:55,1
DA:57,1
DA:58,1
DA:59,1
DA:60,1
DA:62,1
DA:63,0
DA:64,0
DA:65,0
DA:66,0
DA:67,0
DA:68,0
DA:69,0
DA:70,0
DA:71,0
DA:72,0
DA:75,1
DA:76,1
DA:77,2
LF:55
LH:42
BRDA:4,1,0,0
BRDA:4,1,1,1
BRDA:27,2,0,4
BRDA:27,2,1,0
BRDA:28,3,0,0
BRDA:28,3,1,4
BRDA:31,4,0,0
BRDA:31,4,1,4
BRDA:62,5,0,0
BRDA:62,5,1,1
BRF:10
BRH:5
end_of_record
TN:
SF:E:\GitHub\Dable\src\applyJqueryUIStyles.js
FN:3,(anonymous_1)
FNF:1
FNH:0
FNDA:0,(anonymous_1)
DA:3,1
DA:4,0
DA:5,0
DA:8,0
DA:9,0
DA:10,0
DA:11,0
DA:14,0
DA:15,0
DA:16,0
DA:17,0
DA:18,0
DA:19,0
DA:20,0
DA:22,0
DA:23,0
DA:27,0
DA:31,0
DA:32,0
DA:33,0
DA:36,0
DA:38,0
DA:41,0
DA:42,0
DA:43,0
DA:46,0
DA:47,0
DA:48,0
DA:49,0
DA:50,0
DA:51,0
DA:52,0
DA:55,0
DA:56,0
DA:57,0
DA:58,0
DA:59,0
DA:60,0
DA:61,0
DA:64,0
DA:65,0
DA:66,0
DA:67,0
DA:68,0
DA:69,0
DA:70,0
DA:71,0
DA:72,0
DA:73,0
DA:74,0
LF:50
LH:1
BRDA:4,1,0,0
BRDA:4,1,1,0
BRDA:18,2,0,0
BRDA:18,2,1,0
BRDA:19,3,0,0
BRDA:19,3,1,0
BRDA:22,4,0,0
BRDA:22,4,1,0
BRDA:51,5,0,0
BRDA:51,5,1,0
BRDA:60,6,0,0
BRDA:60,6,1,0
BRDA:64,7,0,0
BRDA:64,7,1,0
BRF:14
BRH:0
end_of_record
TN:
SF:E:\GitHub\Dable\src\asyncReload.js
FN:3,(anonymous_1)
FN:5,(anonymous_2)
FNF:2
FNH:0
FNDA:0,(anonymous_1)
FNDA:0,(anonymous_2)
DA:3,1
DA:4,0
DA:5,0
DA:6,0
DA:7,0
DA:9,0
DA:10,0
DA:15,0
DA:16,0
DA:18,0
DA:21,0
LF:11
LH:1
BRDA:4,1,0,0
BRDA:4,1,1,0
BRDA:6,2,0,0
BRDA:6,2,1,0
BRDA:16,3,0,0
BRDA:16,3,1,0
BRDA:16,4,0,0
BRDA:16,4,1,0
BRF:8
BRH:0
end_of_record
TN:
SF:E:\GitHub\Dable\src\asyncRequest.js
FN:1,(anonymous_1)
FN:8,(anonymous_2)
FN:54,(anonymous_3)
FN:55,(anonymous_4)
FNF:4
FNH:0
FNDA:0,(anonymous_1)
FNDA:0,(anonymous_2)
FNDA:0,(anonymous_3)
FNDA:0,(anonymous_4)
DA:1,1
DA:2,0
DA:3,0
DA:4,0
DA:7,0
DA:8,0
DA:9,0
DA:10,0
DA:11,0
DA:12,0
DA:13,0
DA:16,0
DA:17,0
DA:18,0
DA:19,0
DA:20,0
DA:23,0
DA:24,0
DA:25,0
DA:26,0
DA:27,0
DA:30,0
DA:31,0
DA:32,0
DA:33,0
DA:34,0
DA:37,0
DA:41,0
DA:42,0
DA:43,0
DA:46,0
DA:47,0
DA:49,0
DA:53,0
DA:54,0
DA:55,0
DA:56,0
DA:59,0
DA:61,0
DA:66,0
DA:67,0
DA:68,0
DA:69,0
DA:70,0
DA:71,0
DA:72,0
DA:73,0
DA:74,0
DA:76,0
DA:78,0
DA:79,0
LF:51
LH:1
BRDA:3,1,0,0
BRDA:3,1,1,0
BRDA:9,2,0,0
BRDA:9,2,1,0
BRDA:9,3,0,0
BRDA:9,3,1,0
BRDA:12,4,0,0
BRDA:12,4,1,0
BRDA:17,5,0,0
BRDA:17,5,1,0
BRDA:19,6,0,0
BRDA:19,6,1,0
BRDA:24,7,0,0
BRDA:24,7,1,0
BRDA:26,8,0,0
BRDA:26,8,1,0
BRDA:31,9,0,0
BRDA:31,9,1,0
BRDA:33,10,0,0
BRDA:33,10,1,0
BRDA:59,11,0,0
BRDA:59,11,1,0
BRDA:59,12,0,0
BRDA:59,12,1,0
BRDA:60,13,0,0
BRDA:60,13,1,0
BRDA:60,13,2,0
BRDA:73,14,0,0
BRDA:73,14,1,0
BRF:29
BRH:0
end_of_record
TN:
SF:E:\GitHub\Dable\src\baseSort.js
FN:7,ifDate
FN:17,detectDate
FN:27,testCellContents
FN:40,detectColumnType
FN:48,lexSort
FN:49,(anonymous_6)
FN:59,hydrate
FN:67,schwTrans
FN:68,(anonymous_9)
FN:79,(anonymous_10)
FNF:10
FNH:6
FNDA:0,ifDate
FNDA:0,detectDate
FNDA:80,testCellContents
FNDA:4,detectColumnType
FNDA:0,lexSort
FNDA:0,(anonymous_6)
FNDA:4,hydrate
FNDA:4,schwTrans
FNDA:276,(anonymous_9)
FNDA:4,(anonymous_10)
DA:1,1
DA:2,1
DA:3,1
DA:4,1
DA:5,1
DA:7,1
DA:8,0
DA:9,0
DA:10,0
DA:11,0
DA:12,0
DA:13,0
DA:17,1
DA:18,0
DA:19,0
DA:20,0
DA:21,0
DA:23,0
DA:27,1
DA:28,80
DA:29,80
DA:30,0
DA:31,0
DA:32,80
DA:33,80
DA:34,80
DA:36,0
DA:40,1
DA:41,4
DA:42,4
DA:43,80
DA:44,80
DA:48,1
DA:49,0
DA:50,0
DA:51,0
DA:52,0
DA:53,0
DA:55,0
DA:59,1
DA:60,4
DA:61,4
DA:62,80
DA:64,4
DA:67,1
DA:68,4
DA:69,276
DA:70,276
DA:71,0
DA:72,0
DA:74,0
DA:76,4
DA:79,1
DA:80,4
DA:81,4
DA:82,4
DA:83,4
DA:85,4
DA:86,4
DA:88,4
DA:89,0
DA:92,4
LF:62
LH:38
BRDA:9,1,0,0
BRDA:9,1,1,0
BRDA:20,2,0,0
BRDA:20,2,1,0
BRDA:29,3,0,0
BRDA:29,3,1,80
BRDA:32,4,0,80
BRDA:32,4,1,0
BRDA:42,5,0,84
BRDA:42,5,1,0
BRDA:42,5,2,84
BRDA:50,6,0,0
BRDA:50,6,1,0
BRDA:52,7,0,0
BRDA:52,7,1,0
BRDA:69,8,0,276
BRDA:69,8,1,0
BRDA:71,9,0,0
BRDA:71,9,1,0
BRDA:86,10,0,3
BRDA:86,10,1,1
BRDA:88,11,0,0
BRDA:88,11,1,4
BRDA:88,12,0,4
BRDA:88,12,1,0
BRF:25
BRH:9
end_of_record
TN:
SF:E:\GitHub\Dable\src\buildAll.js
FN:3,(anonymous_1)
FN:15,(anonymous_2)
FNF:2
FNH:1
FNDA:27,(anonymous_1)
FNDA:0,(anonymous_2)
DA:3,1
DA:4,27
DA:5,27
DA:6,10
DA:9,17
DA:10,17
DA:11,0
DA:14,17
DA:15,0
DA:16,0
DA:17,0
DA:19,0
DA:20,0
DA:21,0
DA:22,0
DA:23,0
DA:24,0
DA:26,0
DA:29,17
DA:31,17
DA:32,17
DA:33,17
DA:34,17
DA:35,17
DA:36,17
DA:38,17
LF:26
LH:15
BRDA:5,1,0,10
BRDA:5,1,1,17
BRDA:10,2,0,0
BRDA:10,2,1,17
BRDA:14,3,0,0
BRDA:14,3,1,17
BRDA:16,4,0,0
BRDA:16,4,1,0
BRF:8
BRH:4
end_of_record
TN:
SF:E:\GitHub\Dable\src\buildFooter.js
FN:1,(anonymous_1)
FNF:1
FNH:1
FNDA:17,(anonymous_1)
DA:1,1
DA:2,17
DA:3,0
DA:5,17
DA:6,17
DA:7,17
DA:8,17
DA:9,17
DA:10,17
DA:11,17
DA:12,17
DA:13,17
DA:14,17
DA:15,17
DA:16,17
DA:17,17
DA:18,17
DA:19,17
LF:18
LH:17
BRDA:2,1,0,0
BRDA:2,1,1,17
BRF:2
BRH:1
end_of_record
TN:
SF:E:\GitHub\Dable\src\buildHeader.js
FN:3,(anonymous_1)
FN:26,(anonymous_2)
FNF:2
FNH:1
FNDA:17,(anonymous_1)
FNDA:0,(anonymous_2)
DA:3,1
DA:4,17
DA:5,0
DA:7,17
DA:8,17
DA:9,17
DA:10,17
DA:11,17
DA:13,17
DA:14,17
DA:15,17
DA:16,17
DA:17,17
DA:18,17
DA:19,68
DA:20,68
DA:21,68
DA:22,68
DA:25,17
DA:26,17
DA:27,0
DA:28,0
DA:29,0
DA:30,0
DA:31,0
DA:34,17
DA:35,17
DA:36,18
DA:37,17
DA:38,17
DA:42,17
DA:44,17
DA:45,17
DA:46,17
DA:47,17
DA:48,17
DA:49,17
DA:50,17
DA:51,17
DA:53,17
DA:55,17
DA:56,17
DA:57,17
DA:58,17
DA:59,17
DA:61,17
LF:46
LH:40
BRDA:4,1,0,0
BRDA:4,1,1,17
BRDA:36,2,0,17
BRDA:36,2,1,1
BRF:4
BRH:3
end_of_record
TN:
SF:E:\GitHub\Dable\src\buildPager.js
FN:7,makePageFirst
FN:24,makePageLeft
FN:41,makePageRight
FN:58,makePageLast
FN:75,(anonymous_5)
FNF:5
FNH:3
FNDA:0,makePageFirst
FNDA:71,makePageLeft
FNDA:71,makePageRight
FNDA:0,makePageLast
FNDA:71,(anonymous_5)
DA:3,1
DA:4,1
DA:5,1
DA:7,1
DA:9,0
DA:10,0
DA:11,0
DA:12,0
DA:13,0
DA:14,0
DA:15,0
DA:16,0
DA:18,0
DA:20,0
DA:21,0
DA:24,1
DA:26,71
DA:27,71
DA:28,71
DA:29,71
DA:30,71
DA:31,71
DA:32,67
DA:33,67
DA:35,4
DA:37,71
DA:38,71
DA:41,1
DA:43,71
DA:44,71
DA:45,71
DA:46,71
DA:47,71
DA:48,71
DA:49,12
DA:50,12
DA:52,59
DA:54,71
DA:55,71
DA:58,1
DA:60,0
DA:61,0
DA:62,0
DA:63,0
DA:64,0
DA:65,0
DA:66,0
DA:67,0
DA:69,0
DA:71,0
DA:72,0
DA:75,1
DA:76,71
DA:77,71
DA:78,0
DA:81,71
DA:83,71
DA:84,0
DA:85,0
DA:86,0
DA:88,0
DA:89,0
DA:90,0
DA:91,0
DA:93,0
DA:95,0
DA:96,0
DA:99,0
DA:100,0
DA:101,0
DA:102,0
DA:103,0
DA:104,0
DA:105,0
DA:106,0
DA:107,0
DA:110,0
DA:111,0
DA:115,71
DA:117,71
DA:118,0
DA:121,71
LF:82
LH:37
BRDA:14,1,0,0
BRDA:14,1,1,0
BRDA:31,2,0,67
BRDA:31,2,1,4
BRDA:48,3,0,12
BRDA:48,3,1,59
BRDA:65,4,0,0
BRDA:65,4,1,0
BRDA:77,5,0,0
BRDA:77,5,1,71
BRDA:83,6,0,0
BRDA:83,6,1,71
BRDA:86,7,0,0
BRDA:86,7,1,0
BRDA:90,8,0,0
BRDA:90,8,1,0
BRDA:93,9,0,0
BRDA:93,9,1,0
BRDA:105,10,0,0
BRDA:105,10,1,0
BRDA:117,11,0,0
BRDA:117,11,1,71
BRF:22
BRH:7
end_of_record
TN:
SF:E:\GitHub\Dable\src\buildTable.js
FN:3,(anonymous_1)
FNF:1
FNH:1
FNDA:17,(anonymous_1)
DA:3,1
DA:4,17
DA:5,0
DA:9,17
DA:10,17
DA:11,17
DA:12,17
DA:13,17
DA:14,17
DA:16,17
DA:17,17
DA:18,66
DA:19,66
DA:20,66
DA:21,66
DA:23,66
DA:24,65
DA:25,65
DA:26,65
DA:27,65
DA:28,65
DA:31,66
DA:32,66
DA:34,66
DA:35,66
DA:37,17
DA:38,17
DA:40,17
DA:41,17
DA:42,17
DA:43,17
DA:44,17
DA:45,17
DA:46,0
DA:47,0
DA:48,0
DA:51,17
LF:37
LH:33
BRDA:4,1,0,0
BRDA:4,1,1,17
BRDA:23,2,0,65
BRDA:23,2,1,1
BRDA:45,3,0,0
BRDA:45,3,1,17
BRF:6
BRH:4
end_of_record
TN:
SF:E:\GitHub\Dable\src\checkForTable.js
FN:1,(anonymous_1)
FNF:1
FNH:1
FNDA:27,(anonymous_1)
DA:1,1
DA:2,27
DA:3,18
DA:4,6
DA:5,5
DA:7,1
DA:8,1
DA:10,12
DA:12,0
DA:13,0
DA:15,0
DA:16,0
DA:19,12
DA:22,18
DA:23,18
DA:24,16
DA:25,16
DA:26,16
DA:27,0
DA:30,16
DA:32,16
DA:35,2
DA:37,9
LF:23
LH:18
BRDA:2,1,0,18
BRDA:2,1,1,9
BRDA:3,2,0,6
BRDA:3,2,1,12
BRDA:3,3,0,18
BRDA:3,3,1,6
BRDA:4,4,0,5
BRDA:4,4,1,1
BRDA:10,5,0,0
BRDA:10,5,1,12
BRDA:10,6,0,12
BRDA:10,6,1,0
BRDA:10,6,2,0
BRDA:12,7,0,0
BRDA:12,7,1,0
BRDA:23,8,0,16
BRDA:23,8,1,2
BRDA:23,9,0,18
BRDA:23,9,1,18
BRDA:23,9,2,18
BRDA:25,10,0,16
BRDA:25,10,1,0
BRDA:26,11,0,0
BRDA:26,11,1,16
BRF:24
BRH:17
end_of_record
TN:
SF:E:\GitHub\Dable\src\dable.js
FN:36,(anonymous_1)
FN:39,Dable
FN:46,(anonymous_3)
FN:50,(anonymous_4)
FN:54,(anonymous_5)
FN:59,(anonymous_6)
FN:81,(anonymous_7)
FN:89,(anonymous_8)
FN:133,(anonymous_9)
FN:138,(anonymous_10)
FN:143,(anonymous_11)
FNF:11
FNH:8
FNDA:0,(anonymous_1)
FNDA:19,Dable
FNDA:53,(anonymous_3)
FNDA:235,(anonymous_4)
FNDA:71,(anonymous_5)
FNDA:0,(anonymous_6)
FNDA:16,(anonymous_7)
FNDA:4,(anonymous_8)
FNDA:0,(anonymous_9)
FNDA:1,(anonymous_10)
FNDA:2,(anonymous_11)
DA:34,1
DA:36,0
DA:39,1
DA:40,19
DA:41,19
DA:44,1
DA:46,1
DA:47,53
DA:50,1
DA:51,235
DA:54,1
DA:55,71
DA:56,71
DA:59,1
DA:60,0
DA:63,1
DA:65,1
DA:67,1
DA:69,1
DA:71,1
DA:73,1
DA:75,1
DA:77,1
DA:79,1
DA:81,1
DA:82,16
DA:83,16
DA:84,302
DA:86,16
DA:89,1
DA:90,4
DA:91,4
DA:92,80
DA:94,4
DA:97,1
DA:99,1
DA:101,1
DA:103,1
DA:105,1
DA:107,1
DA:109,1
DA:111,1
DA:113,1
DA:115,1
DA:117,1
DA:119,1
DA:121,1
DA:123,1
DA:125,1
DA:127,1
DA:129,1
DA:131,1
DA:133,1
DA:134,0
DA:135,0
DA:138,1
DA:139,1
DA:140,1
DA:143,1
DA:144,2
DA:145,2
DA:148,1
LF:62
LH:58
BRDA:34,1,0,0
BRDA:34,1,1,1
BRDA:34,2,0,1
BRDA:34,2,1,1
BRF:4
BRH:3
end_of_record
TN:
SF:E:\GitHub\Dable\src\defaults.js
FNF:0
FNH:0
LF:0
LH:0
BRF:0
BRH:0
end_of_record
TN:
SF:E:\GitHub\Dable\src\deleteRow.js
FN:3,(anonymous_1)
FNF:1
FNH:0
FNDA:0,(anonymous_1)
DA:3,1
DA:4,0
DA:5,0
DA:6,0
DA:7,0
DA:8,0
DA:12,0
DA:13,0
DA:14,0
DA:15,0
DA:19,0
LF:11
LH:1
BRDA:5,1,0,0
BRDA:5,1,1,0
BRDA:13,2,0,0
BRDA:13,2,1,0
BRF:4
BRH:0
end_of_record
TN:
SF:E:\GitHub\Dable\src\exists.js
FN:1,(anonymous_1)
FNF:1
FNH:1
FNDA:3,(anonymous_1)
DA:1,1
DA:2,3
DA:4,3
DA:5,3
DA:6,3
DA:7,0
DA:9,0
DA:10,0
DA:12,0
DA:13,0
DA:14,0
DA:17,3
DA:18,3
DA:19,3
DA:20,1
DA:23,3
LF:16
LH:10
BRDA:5,1,0,3
BRDA:5,1,1,0
BRDA:7,2,0,0
BRDA:7,2,1,0
BRDA:7,3,0,0
BRDA:7,3,1,0
BRDA:7,3,2,0
BRDA:10,4,0,0
BRDA:10,4,1,0
BRDA:10,5,0,0
BRDA:10,5,1,0
BRDA:10,5,2,0
BRDA:10,5,3,0
BRDA:13,6,0,0
BRDA:13,6,1,0
BRDA:19,7,0,1
BRDA:19,7,1,2
BRF:17
BRH:3
end_of_record
TN:
SF:E:\GitHub\Dable\src\filters.js
FN:3,(anonymous_1)
FN:25,(anonymous_2)
FNF:2
FNH:2
FNDA:80,(anonymous_1)
FNDA:74,(anonymous_2)
DA:4,80
DA:5,80
DA:6,80
DA:7,80
DA:8,80
DA:10,80
DA:11,0
DA:12,0
DA:13,0
DA:16,80
DA:17,0
DA:18,0
DA:21,80
DA:26,74
DA:27,74
DA:28,74
DA:29,74
DA:31,74
DA:32,0
DA:34,74
DA:35,74
DA:36,74
DA:37,0
DA:38,0
DA:42,74
DA:43,74
DA:44,4
DA:48,70
LF:28
LH:20
BRDA:17,1,0,0
BRDA:17,1,1,0
BRDA:36,2,0,0
BRDA:36,2,1,74
BRDA:43,3,0,4
BRDA:43,3,1,70
BRF:6
BRH:3
end_of_record
TN:
SF:E:\GitHub\Dable\src\generateTableFromHtml.js
FN:1,(anonymous_1)
FNF:1
FNH:1
FNDA:16,(anonymous_1)
DA:1,1
DA:2,16
DA:3,0
DA:4,0
DA:7,16
DA:8,0
DA:11,16
DA:12,16
DA:13,1
DA:14,1
DA:17,15
DA:18,15
DA:19,15
DA:20,0
DA:23,15
DA:24,15
DA:25,60
DA:28,15
DA:30,15
DA:31,15
DA:32,15
DA:34,0
DA:35,0
DA:38,15
DA:39,300
DA:40,300
DA:41,300
DA:42,1200
DA:46,15
DA:48,15
DA:49,15
DA:51,15
LF:32
LH:26
BRDA:2,1,0,0
BRDA:2,1,1,16
BRDA:7,2,0,0
BRDA:7,2,1,16
BRDA:12,3,0,1
BRDA:12,3,1,15
BRDA:19,4,0,0
BRDA:19,4,1,15
BRDA:32,5,0,0
BRDA:32,5,1,15
BRDA:32,6,0,15
BRDA:32,6,1,15
BRDA:32,6,2,0
BRF:13
BRH:8
end_of_record
TN:
SF:E:\GitHub\Dable\src\goToPage.js
FN:3,(anonymous_1)
FN:17,(anonymous_2)
FNF:2
FNH:1
FNDA:3,(anonymous_1)
FNDA:0,(anonymous_2)
DA:3,1
DA:4,3
DA:5,3
DA:9,0
DA:10,0
DA:11,0
DA:13,0
DA:16,0
DA:18,0
DA:19,0
DA:20,0
DA:23,3
DA:24,3
LF:13
LH:5
BRDA:5,1,0,0
BRDA:5,1,1,3
BRDA:5,2,0,3
BRDA:5,2,1,0
BRDA:5,2,2,0
BRDA:11,3,0,0
BRDA:11,3,1,0
BRDA:11,4,0,0
BRDA:11,4,1,0
BRDA:18,5,0,0
BRDA:18,5,1,0
BRF:11
BRH:2
end_of_record
TN:
SF:E:\GitHub\Dable\src\lastPage.js
FN:3,(anonymous_1)
FN:24,(anonymous_2)
FNF:2
FNH:0
FNDA:0,(anonymous_1)
FNDA:0,(anonymous_2)
DA:3,1
DA:4,0
DA:6,0
DA:10,0
DA:11,0
DA:13,0
DA:14,0
DA:17,0
DA:18,0
DA:20,0
DA:23,0
DA:25,0
DA:26,0
DA:27,0
DA:30,0
DA:31,0
LF:16
LH:1
BRDA:6,1,0,0
BRDA:6,1,1,0
BRDA:6,2,0,0
BRDA:6,2,1,0
BRDA:6,2,2,0
BRDA:13,3,0,0
BRDA:13,3,1,0
BRDA:18,4,0,0
BRDA:18,4,1,0
BRDA:18,5,0,0
BRDA:18,5,1,0
BRDA:25,6,0,0
BRDA:25,6,1,0
BRF:13
BRH:0
end_of_record
TN:
SF:E:\GitHub\Dable\src\removeStyles.js
FN:3,(anonymous_1)
FNF:1
FNH:1
FNDA:28,(anonymous_1)
DA:3,1
DA:4,28
DA:5,28
DA:6,28
DA:7,84
DA:10,28
DA:11,28
DA:12,28
DA:13,84
DA:16,28
DA:17,28
DA:18,28
DA:19,28
DA:20,28
DA:21,28
DA:22,110
DA:25,28
DA:26,28
DA:27,108
DA:28,108
DA:29,108
DA:30,4
DA:31,4
DA:32,1
DA:37,28
DA:38,28
DA:40,28
DA:41,28
DA:42,28
DA:43,28
DA:44,28
DA:47,28
DA:48,28
DA:51,28
DA:52,28
DA:53,28
DA:54,28
DA:55,28
DA:56,28
LF:39
LH:39
BRDA:29,1,0,4
BRDA:29,1,1,104
BRDA:31,2,0,1
BRDA:31,2,1,3
BRF:4
BRH:4
end_of_record
TN:
SF:E:\GitHub\Dable\src\searchFunc.js
FN:3,(anonymous_1)
FN:22,(anonymous_2)
FNF:2
FNH:1
FNDA:1,(anonymous_1)
FNDA:0,(anonymous_2)
DA:3,1
DA:4,1
DA:5,0
DA:8,1
DA:9,0
DA:11,1
DA:12,1
DA:15,1
DA:16,0
DA:17,0
DA:19,0
DA:21,0
DA:23,0
DA:24,0
DA:25,0
DA:26,0
DA:29,1
DA:30,1
DA:31,1
DA:32,1
DA:33,2
DA:34,40
DA:35,0
DA:38,40
DA:39,154
DA:40,4
DA:41,4
DA:42,4
DA:48,0
DA:49,0
DA:52,1
DA:53,1
DA:54,1
DA:55,1
DA:56,1
LF:35
LH:22
BRDA:4,1,0,0
BRDA:4,1,1,1
BRDA:8,2,0,0
BRDA:8,2,1,1
BRDA:8,3,0,1
BRDA:8,3,1,1
BRDA:15,4,0,0
BRDA:15,4,1,1
BRDA:17,5,0,0
BRDA:17,5,1,0
BRDA:17,6,0,0
BRDA:17,6,1,0
BRDA:23,7,0,0
BRDA:23,7,1,0
BRDA:31,8,0,1
BRDA:31,8,1,0
BRDA:34,9,0,0
BRDA:34,9,1,40
BRDA:39,10,0,4
BRDA:39,10,1,150
BRF:20
BRH:9
end_of_record
TN:
SF:E:\GitHub\Dable\src\setColumnNames.js
FN:1,(anonymous_1)
FNF:1
FNH:1
FNDA:16,(anonymous_1)
DA:1,1
DA:2,16
DA:3,0
DA:6,16
DA:7,62
DA:8,62
DA:15,0
LF:7
LH:5
BRDA:2,1,0,0
BRDA:2,1,1,16
BRDA:7,2,0,62
BRDA:7,2,1,0
BRF:4
BRH:2
end_of_record
TN:
SF:E:\GitHub\Dable\src\setDataAsColumns.js
FN:1,(anonymous_1)
FNF:1
FNH:0
FNDA:0,(anonymous_1)
DA:1,1
DA:2,0
DA:3,0
DA:6,0
DA:7,0
DA:8,0
DA:9,0
DA:12,0
DA:13,0
DA:17,0
DA:18,0
DA:19,0
DA:20,0
DA:21,0
LF:14
LH:1
BRDA:2,1,0,0
BRDA:2,1,1,0
BRF:2
BRH:0
end_of_record
TN:
SF:E:\GitHub\Dable\src\setDataAsRows.js
FN:1,(anonymous_1)
FNF:1
FNH:1
FNDA:16,(anonymous_1)
DA:1,1
DA:2,16
DA:3,0
DA:6,16
DA:7,16
DA:8,302
DA:9,62
DA:12,302
DA:13,1204
DA:17,16
DA:18,16
DA:19,16
DA:20,16
DA:21,16
LF:14
LH:13
BRDA:2,1,0,0
BRDA:2,1,1,16
BRF:2
BRH:1
end_of_record
TN:
SF:E:\GitHub\Dable\src\sortFunc.js
FN:3,(anonymous_1)
FN:39,(anonymous_2)
FNF:2
FNH:1
FNDA:4,(anonymous_1)
FNDA:0,(anonymous_2)
DA:3,1
DA:4,4
DA:6,4
DA:8,4
DA:9,4
DA:10,4
DA:11,4
DA:12,5
DA:13,4
DA:14,4
DA:18,4
DA:19,0
DA:22,4
DA:23,4
DA:24,4
DA:26,3
DA:29,4
DA:30,3
DA:31,3
DA:33,1
DA:34,1
DA:37,4
DA:38,0
DA:40,0
DA:41,0
DA:42,0
DA:43,0
DA:45,4
DA:46,0
DA:48,0
DA:49,0
DA:50,0
DA:52,4
DA:54,4
DA:55,4
DA:56,4
LF:36
LH:26
BRDA:6,1,0,4
BRDA:6,1,1,0
BRDA:6,2,0,4
BRDA:6,2,1,4
BRDA:6,2,2,4
BRDA:6,2,3,4
BRDA:12,3,0,4
BRDA:12,3,1,1
BRDA:18,4,0,0
BRDA:18,4,1,4
BRDA:24,5,0,3
BRDA:24,5,1,1
BRDA:24,6,0,4
BRDA:24,6,1,3
BRDA:29,7,0,3
BRDA:29,7,1,1
BRDA:37,8,0,0
BRDA:37,8,1,4
BRDA:40,9,0,0
BRDA:40,9,1,0
BRDA:45,10,0,0
BRDA:45,10,1,4
BRF:22
BRH:16
end_of_record
TN:
SF:E:\GitHub\Dable\src\updateDisplayedRows.js
FN:1,(anonymous_1)
FNF:1
FNH:1
FNDA:26,(anonymous_1)
DA:1,1
DA:2,26
DA:3,1
DA:4,1
DA:5,0
DA:9,26
DA:10,26
DA:11,0
DA:15,26
DA:16,26
DA:18,26
DA:19,26
DA:21,0
DA:22,0
DA:26,26
DA:27,26
DA:29,5
DA:33,26
DA:34,256
DA:35,256
DA:36,128
DA:38,128
DA:41,256
DA:42,1020
DA:43,1020
DA:44,1020
DA:45,0
DA:48,1020
DA:49,1020
DA:52,256
DA:55,26
DA:56,9
DA:59,26
DA:61,26
DA:62,26
DA:63,26
LF:36
LH:31
BRDA:2,1,0,1
BRDA:2,1,1,25
BRDA:4,2,0,0
BRDA:4,2,1,1
BRDA:19,3,0,0
BRDA:19,3,1,26
BRDA:27,4,0,5
BRDA:27,4,1,21
BRDA:35,5,0,128
BRDA:35,5,1,128
BRDA:44,6,0,0
BRDA:44,6,1,1020
BRDA:55,7,0,9
BRDA:55,7,1,17
BRF:14
BRH:11
end_of_record
TN:
SF:E:\GitHub\Dable\src\updateFooter.js
FN:1,(anonymous_1)
FNF:1
FNH:1
FNDA:43,(anonymous_1)
DA:1,1
DA:2,43
DA:3,17
DA:5,26
DA:6,26
DA:7,26
DA:8,3
DA:11,26
DA:12,26
DA:13,26
DA:14,0
DA:15,26
DA:16,0
DA:18,26
DA:22,26
DA:23,1
DA:28,26
DA:29,26
DA:31,26
LF:19
LH:17
BRDA:2,1,0,17
BRDA:2,1,1,26
BRDA:7,2,0,3
BRDA:7,2,1,23
BRDA:12,3,0,26
BRDA:12,3,1,0
BRDA:13,4,0,0
BRDA:13,4,1,26
BRDA:15,5,0,0
BRDA:15,5,1,26
BRDA:22,6,0,1
BRDA:22,6,1,25
BRF:12
BRH:9
end_of_record
TN:
SF:E:\GitHub\Dable\src\updateStyle.js
FN:1,(anonymous_1)
FNF:1
FNH:1
FNDA:28,(anonymous_1)
DA:1,1
DA:2,28
DA:3,10
DA:4,10
DA:5,0
DA:9,28
DA:10,28
DA:13,28
DA:16,28
DA:20,28
DA:23,27
DA:25,27
DA:26,26
DA:28,1
DA:29,0
DA:30,1
DA:31,1
LF:17
LH:15
BRDA:2,1,0,10
BRDA:2,1,1,18
BRDA:4,2,0,0
BRDA:4,2,1,10
BRDA:9,3,0,28
BRDA:9,3,1,0
BRDA:20,4,0,27
BRDA:20,4,1,1
BRDA:25,5,0,26
BRDA:25,5,1,1
BRDA:28,6,0,0
BRDA:28,6,1,1
BRDA:30,7,0,1
BRDA:30,7,1,0
BRF:14
BRH:10
end_of_record
TN:
SF:E:\GitHub\Dable\src\utils.js
FN:1,mixin
FN:14,bind
FN:16,(anonymous_3)
FN:22,doSort
FN:23,(anonymous_5)
FN:29,doSearch
FN:30,(anonymous_7)
FN:37,noop
FN:39,arrayContains
FN:48,removeStyle
FN:58,triggerKeyup
FNF:11
FNH:8
FNDA:190,mixin
FNDA:63,bind
FNDA:0,(anonymous_3)
FNDA:65,doSort
FNDA:4,(anonymous_5)
FNDA:17,doSearch
FNDA:1,(anonymous_7)
FNDA:0,noop
FNDA:40,arrayContains
FNDA:2490,removeStyle
FNDA:0,triggerKeyup
DA:1,1
DA:2,190
DA:3,703
DA:4,703
DA:5,171
DA:7,532
DA:11,190
DA:14,1
DA:15,63
DA:16,63
DA:17,0
DA:18,0
DA:22,1
DA:23,65
DA:24,4
DA:29,1
DA:30,17
DA:31,1
DA:37,1
DA:39,1
DA:40,40
DA:41,38
DA:42,0
DA:45,40
DA:48,1
DA:49,2490
DA:50,2490
DA:51,2490
DA:52,724
DA:53,2376
DA:58,1
DA:59,0
DA:60,0
DA:62,0
DA:63,0
DA:65,0
DA:68,0
DA:69,0
DA:70,0
LF:39
LH:28
BRDA:3,1,0,703
BRDA:3,1,1,0
BRDA:4,2,0,171
BRDA:4,2,1,532
BRDA:4,3,0,703
BRDA:4,3,1,190
BRDA:41,4,0,0
BRDA:41,4,1,38
BRDA:51,5,0,724
BRDA:51,5,1,1766
BRDA:51,6,0,2490
BRDA:51,6,1,2490
BRDA:60,7,0,0
BRDA:60,7,1,0
BRF:14
BRH:10
end_of_record
